============================= test session starts ==============================
platform linux -- Python 3.12.12, pytest-7.4.4, pluggy-1.6.0 -- /home/jules/.pyenv/versions/3.12.12/bin/python3
cachedir: .pytest_cache
hypothesis profile 'default'
rootdir: /app
configfile: pytest.ini
plugins: asyncio-0.21.1, env-1.1.3, hypothesis-6.148.7, Faker-38.2.0, cov-4.1.0, anyio-4.12.0, factoryboy-2.8.1
asyncio: mode=Mode.AUTO
collecting ... collected 913 items

tests/test_adaptive_cache_eviction.py::test_adaptive_cache_eviction_fix PASSED [  0%]
tests/test_admin_auth_config_fix.py::test_admin_auth_uses_centralized_config PASSED [  0%]
tests/test_admin_chat_error_handling.py::test_chat_error_handling_no_auth PASSED [  0%]
tests/test_admin_chat_error_handling.py::test_chat_error_handling_with_auth_but_service_error PASSED [  0%]
tests/test_admin_chat_error_handling.py::test_analyze_project_error_handling PASSED [  0%]
tests/test_admin_chat_history.py::test_admin_chat_history_streaming PASSED [  0%]
tests/test_admin_chat_init_event.py::test_admin_chat_returns_conversation_init_event PASSED [  0%]
tests/test_analysis_module.py::TestAnomalyDataclasses::test_anomaly_type_values PASSED [  0%]
tests/test_analysis_module.py::TestAnomalyDataclasses::test_anomaly_severity_values PASSED [  0%]
tests/test_analysis_module.py::TestAnomalyDataclasses::test_anomaly_to_dict PASSED [  1%]
tests/test_analysis_module.py::TestAnomalyDetectorInit::test_default_initialization PASSED [  1%]
tests/test_analysis_module.py::TestAnomalyDetectorInit::test_custom_initialization PASSED [  1%]
tests/test_analysis_module.py::TestZScoreDetection::test_zscore_needs_minimum_data PASSED [  1%]
tests/test_analysis_module.py::TestZScoreDetection::test_zscore_detects_anomaly PASSED [  1%]
tests/test_analysis_module.py::TestZScoreDetection::test_zscore_zero_stdev_handling PASSED [  1%]
tests/test_analysis_module.py::TestIQRDetection::test_iqr_needs_minimum_data PASSED [  1%]
tests/test_analysis_module.py::TestIQRDetection::test_iqr_detects_outlier PASSED [  1%]
tests/test_analysis_module.py::TestIQRDetection::test_iqr_zero_iqr_handling PASSED [  1%]
tests/test_analysis_module.py::TestMovingAverageDetection::test_moving_average_needs_minimum_data PASSED [  2%]
tests/test_analysis_module.py::TestMovingAverageDetection::test_moving_average_detects_deviation PASSED [  2%]
tests/test_analysis_module.py::TestMLDetection::test_ml_needs_minimum_data PASSED [  2%]
tests/test_analysis_module.py::TestMLDetection::test_ml_detects_isolated_value PASSED [  2%]
tests/test_analysis_module.py::TestCheckValue::test_check_value_needs_minimum_history PASSED [  2%]
tests/test_analysis_module.py::TestCheckValue::test_check_value_detects_anomaly PASSED [  2%]
tests/test_analysis_module.py::TestCheckValue::test_check_value_with_context PASSED [  2%]
tests/test_analysis_module.py::TestDetermineAnomalySeverity::test_severity_critical PASSED [  2%]
tests/test_analysis_module.py::TestDetermineAnomalySeverity::test_severity_high PASSED [  2%]
tests/test_analysis_module.py::TestDetermineAnomalySeverity::test_severity_medium PASSED [  3%]
tests/test_analysis_module.py::TestDetermineAnomalySeverity::test_severity_low PASSED [  3%]
tests/test_analysis_module.py::TestRecommendedAction::test_critical_action PASSED [  3%]
tests/test_analysis_module.py::TestRecommendedAction::test_high_action PASSED [  3%]
tests/test_analysis_module.py::TestRecommendedAction::test_medium_action PASSED [  3%]
tests/test_analysis_module.py::TestRecommendedAction::test_low_action PASSED [  3%]
tests/test_analysis_module.py::TestCollectiveAnomalyDetection::test_collective_needs_minimum_data PASSED [  3%]
tests/test_analysis_module.py::TestCollectiveAnomalyDetection::test_collective_detects_pattern PASSED [  3%]
tests/test_analysis_module.py::TestStatisticsAndRetrieval::test_get_statistics PASSED [  3%]
tests/test_analysis_module.py::TestStatisticsAndRetrieval::test_get_recent_anomalies PASSED [  4%]
tests/test_analysis_module.py::TestStatisticsAndRetrieval::test_get_recent_anomalies_with_severity_filter PASSED [  4%]
tests/test_analysis_module.py::TestPatternDataclasses::test_pattern_type_values PASSED [  4%]
tests/test_analysis_module.py::TestPatternDataclasses::test_pattern_to_dict PASSED [  4%]
tests/test_analysis_module.py::TestPatternRecognizerInit::test_default_initialization PASSED [  4%]
tests/test_analysis_module.py::TestPatternRecognizerInit::test_custom_sensitivity PASSED [  4%]
tests/test_analysis_module.py::TestTrafficPatternAnalysis::test_analyze_needs_minimum_data PASSED [  4%]
tests/test_analysis_module.py::TestTrafficPatternAnalysis::test_analyze_detects_spike PASSED [  4%]
tests/test_analysis_module.py::TestTrafficPatternAnalysis::test_analyze_detects_drop PASSED [  4%]
tests/test_analysis_module.py::TestSpikeDetection::test_spike_detection_threshold PASSED [  5%]
tests/test_analysis_module.py::TestDropDetection::test_drop_detection_threshold PASSED [  5%]
tests/test_analysis_module.py::TestPeriodicPatternDetection::test_periodic_needs_minimum_data PASSED [  5%]
tests/test_analysis_module.py::TestPeriodicPatternDetection::test_periodic_detects_repeating_pattern PASSED [  5%]
tests/test_analysis_module.py::TestErrorPatternDetection::test_error_clustering_detection PASSED [  5%]
tests/test_analysis_module.py::TestErrorPatternDetection::test_no_error_clustering_below_threshold PASSED [  5%]
tests/test_analysis_module.py::TestSecurityPatternDetection::test_brute_force_detection PASSED [  5%]
tests/test_analysis_module.py::TestSecurityPatternDetection::test_no_brute_force_below_threshold PASSED [  5%]
tests/test_analysis_module.py::TestPatternRecognizerStatistics::test_get_statistics PASSED [  5%]
tests/test_analysis_module.py::TestPatternRecognizerStatistics::test_get_recent_patterns PASSED [  6%]
tests/test_analysis_module.py::TestPatternRecognizerStatistics::test_get_recent_patterns_with_type_filter PASSED [  6%]
tests/test_analysis_module.py::TestAnalysisIntegration::test_detector_and_recognizer_together PASSED [  6%]
tests/test_analysis_module.py::TestAnalysisIntegration::test_module_imports PASSED [  6%]
tests/test_api_crud.py::TestHealthEndpoints::test_database_health PASSED [  6%]
tests/test_api_crud.py::TestHealthEndpoints::test_database_stats PASSED  [  6%]
tests/test_api_crud.py::TestHealthEndpoints::test_database_tables PASSED [  6%]
tests/test_api_crud.py::TestCRUDOperations::test_create_user PASSED      [  6%]
tests/test_api_crud.py::TestCRUDOperations::test_read_users PASSED       [  6%]
tests/test_api_crud.py::TestCRUDOperations::test_read_single_user PASSED [  7%]
tests/test_api_crud.py::TestCRUDOperations::test_update_user PASSED      [  7%]
tests/test_api_crud.py::TestCRUDOperations::test_delete_user PASSED      [  7%]
tests/test_api_crud.py::TestValidation::test_create_user_invalid_email PASSED [  7%]
tests/test_api_crud.py::TestValidation::test_create_user_missing_required_field PASSED [  7%]
tests/test_api_crud.py::TestPaginationAndFiltering::test_pagination PASSED [  7%]
tests/test_api_crud.py::TestPaginationAndFiltering::test_search PASSED   [  7%]
tests/test_api_crud.py::TestPaginationAndFiltering::test_ordering PASSED [  7%]
tests/test_api_crud.py::TestErrorHandling::test_not_found_table PASSED   [  7%]
tests/test_api_crud.py::TestErrorHandling::test_not_found_record PASSED  [  7%]
tests/test_api_crud.py::TestErrorHandling::test_unauthorized_access PASSED [  8%]
tests/test_api_first_platform.py::TestAPIFirstPlatformService::test_track_api_usage PASSED [  8%]
tests/test_api_first_platform.py::TestIntegration::test_full_api_lifecycle PASSED [  8%]
tests/test_app.py::test_app_fixture_loads_correctly PASSED               [  8%]
tests/test_bootstrap_db.py::test_bootstrap_db_encoding PASSED            [  8%]
tests/test_bug_repro_sqlalchemy_foreign_keys.py::test_sqlalchemy_mapper_configuration PASSED [  8%]
tests/test_chat_session_factory.py::test_chat_orchestrator_passes_session_factory PASSED [  8%]
tests/test_circular_dependency.py::test_circular_dependency_drop PASSED  [  8%]
tests/test_cli_smoke.py::test_seed_dry_run_returns_zero_runner PASSED    [  8%]
tests/test_dependency_availability.py::test_import_api_contract_service PASSED [  9%]
tests/test_dependency_layer_smoke.py::test_get_logger_smoke PASSED       [  9%]
tests/test_dependency_layer_smoke.py::test_get_settings_smoke PASSED     [  9%]
tests/test_dependency_layer_smoke.py::test_get_session_smoke PASSED      [  9%]
tests/test_email_case_insensitivity.py::test_email_case_insensitivity PASSED [  9%]
tests/test_engine_factory_comprehensive.py::TestQuantumStatementNameGenerator::test_generate_returns_string PASSED [  9%]
tests/test_engine_factory_comprehensive.py::TestQuantumStatementNameGenerator::test_generate_has_correct_prefix PASSED [  9%]
tests/test_engine_factory_comprehensive.py::TestQuantumStatementNameGenerator::test_generate_unique_names PASSED [  9%]
tests/test_engine_factory_comprehensive.py::TestQuantumStatementNameGenerator::test_generate_thread_safety PASSED [  9%]
tests/test_engine_factory_comprehensive.py::TestQuantumStatementNameGenerator::test_get_generator_func PASSED [ 10%]
tests/test_engine_factory_comprehensive.py::TestAdaptivePoolerDetector::test_detect_none_for_empty_url PASSED [ 10%]
tests/test_engine_factory_comprehensive.py::TestAdaptivePoolerDetector::test_detect_supabase_pooler_by_hostname PASSED [ 10%]
tests/test_engine_factory_comprehensive.py::TestAdaptivePoolerDetector::test_detect_supabase_pooler_by_port PASSED [ 10%]
tests/test_engine_factory_comprehensive.py::TestAdaptivePoolerDetector::test_detect_pgbouncer_by_port PASSED [ 10%]
tests/test_engine_factory_comprehensive.py::TestAdaptivePoolerDetector::test_detect_pgbouncer_by_name PASSED [ 10%]
tests/test_engine_factory_comprehensive.py::TestAdaptivePoolerDetector::test_detect_neon_pooler PASSED [ 10%]
tests/test_engine_factory_comprehensive.py::TestAdaptivePoolerDetector::test_detect_none_for_direct_connection PASSED [ 10%]
tests/test_engine_factory_comprehensive.py::TestAdaptivePoolerDetector::test_detect_pgbouncer_from_env PASSED [ 10%]
tests/test_engine_factory_comprehensive.py::TestAdaptivePoolerDetector::test_requires_prepared_statement_protection PASSED [ 11%]
tests/test_engine_factory_comprehensive.py::TestDatabaseURLSanitizer::test_sanitize_normalizes_postgres_protocol PASSED [ 11%]
tests/test_engine_factory_comprehensive.py::TestDatabaseURLSanitizer::test_sanitize_translates_ssl_mode_for_async PASSED [ 11%]
tests/test_engine_factory_comprehensive.py::TestDatabaseURLSanitizer::test_sanitize_preserves_ssl_mode_for_sync PASSED [ 11%]
tests/test_engine_factory_comprehensive.py::TestDatabaseURLSanitizer::test_sanitize_raises_for_missing_url_in_production PASSED [ 11%]
tests/test_engine_factory_comprehensive.py::TestDatabaseURLSanitizer::test_sanitize_returns_sqlite_fallback_in_test PASSED [ 11%]
tests/test_engine_factory_comprehensive.py::TestDatabaseURLSanitizer::test_sanitize_validates_url_structure PASSED [ 11%]
tests/test_engine_factory_comprehensive.py::TestDatabaseURLSanitizer::test_sanitize_accepts_sqlite_without_host PASSED [ 11%]
tests/test_engine_factory_comprehensive.py::TestDatabaseURLSanitizer::test_reverse_ssl_for_sync PASSED [ 11%]
tests/test_engine_factory_comprehensive.py::TestDatabaseURLSanitizer::test_reverse_ssl_ignores_asyncpg PASSED [ 12%]
tests/test_engine_factory_comprehensive.py::TestDatabaseURLSanitizerEdgeCases::test_all_ssl_modes PASSED [ 12%]
tests/test_engine_factory_comprehensive.py::TestDatabaseURLSanitizerEdgeCases::test_url_with_special_characters_in_password PASSED [ 12%]
tests/test_engine_factory_comprehensive.py::TestDatabaseURLSanitizerEdgeCases::test_url_with_query_params_preserved PASSED [ 12%]
tests/test_engine_factory_comprehensive.py::TestDatabaseTypeDetection::test_detect_postgresql PASSED [ 12%]
tests/test_engine_factory_comprehensive.py::TestDatabaseTypeDetection::test_detect_sqlite PASSED [ 12%]
tests/test_engine_factory_comprehensive.py::TestDatabaseTypeDetection::test_detect_unknown PASSED [ 12%]
tests/test_engine_factory_comprehensive.py::TestPostgresEngineConfiguration::test_auto_upgrade_to_asyncpg PASSED [ 12%]
tests/test_engine_factory_comprehensive.py::TestPostgresEngineConfiguration::test_statement_cache_disabled PASSED [ 12%]
tests/test_engine_factory_comprehensive.py::TestPostgresEngineConfiguration::test_quantum_naming_enabled PASSED [ 13%]
tests/test_engine_factory_comprehensive.py::TestPostgresEngineConfiguration::test_command_timeout_default PASSED [ 13%]
tests/test_engine_factory_comprehensive.py::TestPostgresEngineConfiguration::test_pool_settings_default PASSED [ 13%]
tests/test_engine_factory_comprehensive.py::TestSqliteEngineConfiguration::test_auto_upgrade_to_aiosqlite PASSED [ 13%]
tests/test_engine_factory_comprehensive.py::TestSqliteEngineConfiguration::test_pool_settings_removed PASSED [ 13%]
tests/test_engine_factory_comprehensive.py::TestSqliteEngineConfiguration::test_check_same_thread_disabled PASSED [ 13%]
tests/test_engine_factory_comprehensive.py::TestSecurityValidation::test_validation_passes_with_correct_config PASSED [ 13%]
tests/test_engine_factory_comprehensive.py::TestSecurityValidation::test_validation_fails_with_nonzero_statement_cache PASSED [ 13%]
tests/test_engine_factory_comprehensive.py::TestSecurityValidation::test_validation_fails_with_nonzero_prepared_cache PASSED [ 13%]
tests/test_engine_factory_comprehensive.py::TestSecurityValidation::test_validation_fails_without_name_func PASSED [ 14%]
tests/test_engine_factory_comprehensive.py::TestSecurityValidation::test_validation_fails_with_non_unique_name_func PASSED [ 14%]
tests/test_engine_factory_comprehensive.py::TestEngineDiagnostics::test_verify_pgbouncer_compatibility_all_set PASSED [ 14%]
tests/test_engine_factory_comprehensive.py::TestEngineDiagnostics::test_verify_pgbouncer_compatibility_missing_settings PASSED [ 14%]
tests/test_engine_factory_comprehensive.py::TestCreateUnifiedAsyncEngine::test_create_engine_with_sqlite PASSED [ 14%]
tests/test_engine_factory_comprehensive.py::TestCreateUnifiedAsyncEngine::test_create_engine_from_env PASSED [ 14%]
tests/test_engine_factory_comprehensive.py::TestCreateUnifiedAsyncEngine::test_create_engine_with_custom_pool_settings PASSED [ 14%]
tests/test_engine_factory_comprehensive.py::TestPoolerSignature::test_pooler_signature_immutable PASSED [ 14%]
tests/test_engine_factory_comprehensive.py::TestPoolerSignature::test_pooler_signatures_list_populated PASSED [ 14%]
tests/test_engine_factory_comprehensive.py::TestFatalEngineError::test_fatal_error_is_exception PASSED [ 15%]
tests/test_engine_factory_comprehensive.py::TestFatalEngineError::test_fatal_error_message PASSED [ 15%]
tests/test_fastapi_health.py::test_health PASSED                         [ 15%]
tests/test_flexible_enum_crash.py::test_flexible_enum_resilience PASSED  [ 15%]
tests/test_frontend_smoke.py::test_frontend_smoke_flow PASSED            [ 15%]
tests/test_head_request_bug.py::test_head_root_endpoint PASSED           [ 15%]
tests/test_head_request_bug.py::test_head_spa_fallback PASSED            [ 15%]
tests/test_head_request_bug.py::test_static_file_head PASSED             [ 15%]
tests/test_head_request_bug.py::test_js_file_head PASSED                 [ 15%]
tests/test_health_checker_task_reference.py::test_health_checker_task_not_garbage_collected PASSED [ 15%]
tests/test_health_checker_task_reference.py::test_health_checker_maintains_background_tasks_set PASSED [ 16%]
tests/test_health_checker_task_reference.py::test_health_checker_task_cleanup_on_completion PASSED [ 16%]
tests/test_health_checker_task_reference.py::test_health_checker_multiple_start_calls PASSED [ 16%]
tests/test_health_checker_task_reference.py::test_health_checker_task_survives_gc_cycles PASSED [ 16%]
tests/test_health_checker_task_reference.py::test_health_checker_done_callback_registered PASSED [ 16%]
tests/test_health_endpoint.py::test_health_endpoint PASSED               [ 16%]
tests/test_json_field_persistence.py::test_task_json_field_persistence PASSED [ 16%]
tests/test_json_field_primitive_bug.py::test_json_text_primitive_persistence_bug PASSED [ 16%]
tests/test_list_conversations_order_bug.py::test_list_conversations_deterministic_order PASSED [ 16%]
tests/test_login_bug_repro.py::test_login_bug_reproduction PASSED        [ 17%]
tests/test_middleware_core.py::TestMiddlewareResultCreation::test_default_initialization PASSED [ 17%]
tests/test_middleware_core.py::TestMiddlewareResultCreation::test_success_factory PASSED [ 17%]
tests/test_middleware_core.py::TestMiddlewareResultCreation::test_success_factory_custom_message PASSED [ 17%]
tests/test_middleware_core.py::TestMiddlewareResultCreation::test_failure_factory PASSED [ 17%]
tests/test_middleware_core.py::TestMiddlewareResultCreation::test_forbidden_factory PASSED [ 17%]
tests/test_middleware_core.py::TestMiddlewareResultCreation::test_forbidden_custom_message PASSED [ 17%]
tests/test_middleware_core.py::TestMiddlewareResultCreation::test_unauthorized_factory PASSED [ 17%]
tests/test_middleware_core.py::TestMiddlewareResultCreation::test_rate_limited_factory PASSED [ 17%]
tests/test_middleware_core.py::TestMiddlewareResultCreation::test_rate_limited_custom_retry PASSED [ 18%]
tests/test_middleware_core.py::TestMiddlewareResultCreation::test_bad_request_factory PASSED [ 18%]
tests/test_middleware_core.py::TestMiddlewareResultCreation::test_internal_error_factory PASSED [ 18%]
tests/test_middleware_core.py::TestMiddlewareResultChaining::test_with_metadata PASSED [ 18%]
tests/test_middleware_core.py::TestMiddlewareResultChaining::test_with_metadata_chaining PASSED [ 18%]
tests/test_middleware_core.py::TestMiddlewareResultChaining::test_with_details PASSED [ 18%]
tests/test_middleware_core.py::TestMiddlewareResultChaining::test_with_details_merges PASSED [ 18%]
tests/test_middleware_core.py::TestMiddlewareResultSerialization::test_to_dict_success PASSED [ 18%]
tests/test_middleware_core.py::TestMiddlewareResultSerialization::test_to_dict_failure_with_error_code PASSED [ 18%]
tests/test_middleware_core.py::TestMiddlewareResultSerialization::test_to_dict_with_details PASSED [ 19%]
tests/test_middleware_core.py::TestMiddlewareResultSerialization::test_to_dict_with_response_data PASSED [ 19%]
tests/test_middleware_core.py::TestMiddlewareResultSerialization::test_to_dict_omits_empty_fields PASSED [ 19%]
tests/test_middleware_core.py::TestLifecycleHooksRegistration::test_register_callback PASSED [ 19%]
tests/test_middleware_core.py::TestLifecycleHooksRegistration::test_register_multiple_callbacks PASSED [ 19%]
tests/test_middleware_core.py::TestLifecycleHooksRegistration::test_register_callbacks_different_events PASSED [ 19%]
tests/test_middleware_core.py::TestLifecycleHooksUnregistration::test_unregister_callback PASSED [ 19%]
tests/test_middleware_core.py::TestLifecycleHooksUnregistration::test_unregister_nonexistent_callback PASSED [ 19%]
tests/test_middleware_core.py::TestLifecycleHooksUnregistration::test_unregister_from_nonexistent_event PASSED [ 19%]
tests/test_middleware_core.py::TestLifecycleHooksTrigger::test_trigger_executes_callbacks PASSED [ 20%]
tests/test_middleware_core.py::TestLifecycleHooksTrigger::test_trigger_passes_arguments PASSED [ 20%]
tests/test_middleware_core.py::TestLifecycleHooksTrigger::test_trigger_handles_callback_errors PASSED [ 20%]
tests/test_middleware_core.py::TestLifecycleHooksTrigger::test_trigger_empty_event PASSED [ 20%]
tests/test_middleware_core.py::TestLifecycleHooksClear::test_clear_specific_event PASSED [ 20%]
tests/test_middleware_core.py::TestLifecycleHooksClear::test_clear_all_events PASSED [ 20%]
tests/test_middleware_core.py::TestGlobalHooksAndDecorators::test_get_global_hooks PASSED [ 20%]
tests/test_middleware_core.py::TestGlobalHooksAndDecorators::test_on_before_execution_decorator PASSED [ 20%]
tests/test_middleware_core.py::TestGlobalHooksAndDecorators::test_on_after_success_decorator PASSED [ 20%]
tests/test_middleware_core.py::TestGlobalHooksAndDecorators::test_on_after_failure_decorator PASSED [ 21%]
tests/test_middleware_core.py::TestGlobalHooksAndDecorators::test_on_after_execution_decorator PASSED [ 21%]
tests/test_middleware_core.py::TestSmartPipelineInit::test_default_initialization PASSED [ 21%]
tests/test_middleware_core.py::TestSmartPipelineInit::test_initialization_with_middlewares PASSED [ 21%]
tests/test_middleware_core.py::TestSmartPipelineAddRemove::test_add_middleware PASSED [ 21%]
tests/test_middleware_core.py::TestSmartPipelineAddRemove::test_add_middleware_sorted_by_order PASSED [ 21%]
tests/test_middleware_core.py::TestSmartPipelineAddRemove::test_remove_middleware PASSED [ 21%]
tests/test_middleware_core.py::TestSmartPipelineAddRemove::test_remove_nonexistent_middleware PASSED [ 21%]
tests/test_middleware_core.py::TestSmartPipelineExecution::test_run_executes_middlewares PASSED [ 21%]
tests/test_middleware_core.py::TestSmartPipelineExecution::test_run_calls_lifecycle_hooks PASSED [ 22%]
tests/test_middleware_core.py::TestSmartPipelineExecution::test_run_short_circuits_on_failure PASSED [ 22%]
tests/test_middleware_core.py::TestSmartPipelineExecution::test_run_handles_middleware_exception PASSED [ 22%]
tests/test_middleware_core.py::TestSmartPipelineExecution::test_run_skips_disabled_middleware PASSED [ 22%]
tests/test_middleware_core.py::TestSmartPipelineAsyncExecution::test_run_async_executes_middlewares PASSED [ 22%]
tests/test_middleware_core.py::TestSmartPipelineAsyncExecution::test_run_async_handles_exception PASSED [ 22%]
tests/test_middleware_core.py::TestSmartPipelineStatistics::test_get_statistics PASSED [ 22%]
tests/test_middleware_core.py::TestSmartPipelineStatistics::test_statistics_track_requests PASSED [ 22%]
tests/test_middleware_core.py::TestSmartPipelineStatistics::test_statistics_track_failures PASSED [ 22%]
tests/test_middleware_core.py::TestSmartPipelineStatistics::test_statistics_per_middleware PASSED [ 23%]
tests/test_middleware_core.py::TestSmartPipelineStatistics::test_reset_statistics PASSED [ 23%]
tests/test_middleware_core.py::TestSmartPipelineHelpers::test_get_middleware_list PASSED [ 23%]
tests/test_middleware_core.py::TestSmartPipelineHelpers::test_repr PASSED [ 23%]
tests/test_middleware_core.py::TestRequestContext::test_default_initialization PASSED [ 23%]
tests/test_middleware_core.py::TestRequestContext::test_custom_initialization PASSED [ 23%]
tests/test_middleware_core.py::TestRequestContext::test_set_trace_context PASSED [ 23%]
tests/test_middleware_core.py::TestRequestContext::test_set_user_context PASSED [ 23%]
tests/test_middleware_core.py::TestRequestContext::test_add_and_get_metadata PASSED [ 23%]
tests/test_middleware_core.py::TestRequestContext::test_get_header_case_insensitive PASSED [ 23%]
tests/test_middleware_core.py::TestRequestContext::test_get_header_default PASSED [ 24%]
tests/test_middleware_core.py::TestRequestContext::test_to_dict PASSED   [ 24%]
tests/test_middleware_frame.py::test_dev_frame_middleware_development FAILED [ 24%]
tests/test_middleware_frame.py::test_dev_frame_middleware_production PASSED [ 24%]
tests/test_missing_api_methods.py::test_missing_api_endpoint_returns_404_not_405 PASSED [ 24%]
tests/test_models.py::test_user_set_password ERROR                       [ 24%]
tests/test_models.py::test_user_repr ERROR                               [ 24%]
tests/test_models_comprehensive.py::TestUtcNow::test_returns_datetime PASSED [ 24%]
tests/test_models_comprehensive.py::TestUtcNow::test_returns_utc_timezone PASSED [ 24%]
tests/test_models_comprehensive.py::TestUtcNow::test_returns_current_time PASSED [ 25%]
tests/test_models_comprehensive.py::TestCaseInsensitiveEnum::test_lookup_by_uppercase_name PASSED [ 25%]
tests/test_models_comprehensive.py::TestCaseInsensitiveEnum::test_lookup_by_lowercase_value PASSED [ 25%]
tests/test_models_comprehensive.py::TestCaseInsensitiveEnum::test_lookup_by_uppercase_value PASSED [ 25%]
tests/test_models_comprehensive.py::TestCaseInsensitiveEnum::test_lookup_by_mixed_case PASSED [ 25%]
tests/test_models_comprehensive.py::TestCaseInsensitiveEnum::test_invalid_lookup_returns_none PASSED [ 25%]
tests/test_models_comprehensive.py::TestCaseInsensitiveEnum::test_non_string_lookup_returns_none PASSED [ 25%]
tests/test_models_comprehensive.py::TestMessageRoleEnum::test_all_values PASSED [ 25%]
tests/test_models_comprehensive.py::TestMissionStatusEnum::test_all_values PASSED [ 25%]
tests/test_models_comprehensive.py::TestPlanStatusEnum::test_all_values PASSED [ 26%]
tests/test_models_comprehensive.py::TestTaskStatusEnum::test_all_values PASSED [ 26%]
tests/test_models_comprehensive.py::TestMissionEventTypeEnum::test_key_values PASSED [ 26%]
tests/test_models_comprehensive.py::TestFlexibleEnum::test_process_bind_param_with_enum PASSED [ 26%]
tests/test_models_comprehensive.py::TestFlexibleEnum::test_process_bind_param_with_string PASSED [ 26%]
tests/test_models_comprehensive.py::TestFlexibleEnum::test_process_bind_param_with_none PASSED [ 26%]
tests/test_models_comprehensive.py::TestFlexibleEnum::test_process_result_value_returns_enum PASSED [ 26%]
tests/test_models_comprehensive.py::TestFlexibleEnum::test_process_result_value_case_insensitive PASSED [ 26%]
tests/test_models_comprehensive.py::TestFlexibleEnum::test_process_result_value_with_none PASSED [ 26%]
tests/test_models_comprehensive.py::TestJSONText::test_process_bind_param_with_dict PASSED [ 27%]
tests/test_models_comprehensive.py::TestJSONText::test_process_bind_param_with_list PASSED [ 27%]
tests/test_models_comprehensive.py::TestJSONText::test_process_bind_param_with_none PASSED [ 27%]
tests/test_models_comprehensive.py::TestJSONText::test_process_bind_param_with_primitive PASSED [ 27%]
tests/test_models_comprehensive.py::TestJSONText::test_process_result_value_with_dict PASSED [ 27%]
tests/test_models_comprehensive.py::TestJSONText::test_process_result_value_with_list PASSED [ 27%]
tests/test_models_comprehensive.py::TestJSONText::test_process_result_value_with_none PASSED [ 27%]
tests/test_models_comprehensive.py::TestJSONText::test_process_result_value_with_invalid_json PASSED [ 27%]
tests/test_models_comprehensive.py::TestJSONText::test_roundtrip_complex_data PASSED [ 27%]
tests/test_models_comprehensive.py::TestUserModel::test_user_creation PASSED [ 28%]
tests/test_models_comprehensive.py::TestUserModel::test_set_password PASSED [ 28%]
tests/test_models_comprehensive.py::TestUserModel::test_check_password_correct PASSED [ 28%]
tests/test_models_comprehensive.py::TestUserModel::test_check_password_incorrect PASSED [ 28%]
tests/test_models_comprehensive.py::TestUserModel::test_check_password_no_hash PASSED [ 28%]
tests/test_models_comprehensive.py::TestUserModel::test_verify_password_alias PASSED [ 28%]
tests/test_models_comprehensive.py::TestUserModel::test_user_repr PASSED [ 28%]
tests/test_models_comprehensive.py::TestUserModel::test_password_hashing_uses_argon2 PASSED [ 28%]
tests/test_models_comprehensive.py::TestAdminConversationModel::test_conversation_creation PASSED [ 28%]
tests/test_models_comprehensive.py::TestAdminConversationModel::test_conversation_custom_type PASSED [ 29%]
tests/test_models_comprehensive.py::TestAdminMessageModel::test_message_creation PASSED [ 29%]
tests/test_models_comprehensive.py::TestAdminMessageModel::test_message_with_all_roles PASSED [ 29%]
tests/test_models_comprehensive.py::TestMissionModel::test_mission_creation PASSED [ 29%]
tests/test_models_comprehensive.py::TestMissionModel::test_mission_default_status PASSED [ 29%]
tests/test_models_comprehensive.py::TestMissionPlanModel::test_plan_creation PASSED [ 29%]
tests/test_models_comprehensive.py::TestMissionPlanModel::test_plan_json_fields PASSED [ 29%]
tests/test_models_comprehensive.py::TestTaskModel::test_task_creation PASSED [ 29%]
tests/test_models_comprehensive.py::TestTaskModel::test_task_json_fields PASSED [ 29%]
tests/test_models_comprehensive.py::TestMissionEventModel::test_event_creation PASSED [ 30%]
tests/test_models_comprehensive.py::TestPromptTemplateModel::test_template_creation PASSED [ 30%]
tests/test_models_comprehensive.py::TestGeneratedPromptModel::test_prompt_creation PASSED [ 30%]
tests/test_models_comprehensive.py::TestLogMissionEvent::test_creates_event_without_session PASSED [ 30%]
tests/test_models_comprehensive.py::TestUpdateMissionStatus::test_updates_status PASSED [ 30%]
tests/test_models_comprehensive.py::TestPasswordHashingEdgeCases::test_empty_password PASSED [ 30%]
tests/test_models_comprehensive.py::TestPasswordHashingEdgeCases::test_unicode_password PASSED [ 30%]
tests/test_models_comprehensive.py::TestPasswordHashingEdgeCases::test_very_long_password PASSED [ 30%]
tests/test_models_comprehensive.py::TestPasswordHashingEdgeCases::test_special_characters_password PASSED [ 30%]
tests/test_models_comprehensive.py::TestJSONTextEdgeCases::test_empty_dict PASSED [ 30%]
tests/test_models_comprehensive.py::TestJSONTextEdgeCases::test_empty_list PASSED [ 31%]
tests/test_models_comprehensive.py::TestJSONTextEdgeCases::test_unicode_in_json PASSED [ 31%]
tests/test_models_comprehensive.py::TestJSONTextEdgeCases::test_nested_null_values PASSED [ 31%]
tests/test_models_comprehensive.py::TestJSONTextEdgeCases::test_large_json PASSED [ 31%]
tests/test_overmind_fault_tolerance.py::test_circuit_breaker_activates PASSED [ 31%]
tests/test_overmind_planning.py::test_base_planner_instantiation PASSED  [ 31%]
tests/test_overmind_planning.py::test_base_planner_generate_plan_raises_not_implemented PASSED [ 31%]
tests/test_overmind_planning.py::test_base_planner_a_generate_plan_raises_not_implemented PASSED [ 31%]
tests/test_overmind_planning.py::test_planner_registration PASSED        [ 31%]
tests/test_overmind_planning.py::test_planner_registration_with_allow_list PASSED [ 32%]
tests/test_overmind_planning.py::test_planner_registration_with_block_list PASSED [ 32%]
tests/test_overmind_planning_config.py::test_default_config_values PASSED [ 32%]
tests/test_overmind_planning_config.py::test_parse_csv PASSED            [ 32%]
tests/test_overmind_planning_config.py::test_parse_bool PASSED           [ 32%]
tests/test_overmind_planning_config.py::test_parse_float PASSED          [ 32%]
tests/test_overmind_planning_config.py::test_parse_int PASSED            [ 32%]
tests/test_preview_headers.py::test_middleware_enabled_in_dev FAILED     [ 32%]
tests/test_preview_headers.py::test_middleware_enabled_in_codespaces FAILED [ 32%]
tests/test_preview_headers.py::test_middleware_disabled_in_production FAILED [ 33%]
tests/test_preview_headers.py::test_headers_removed_in_dev_client FAILED [ 33%]
tests/test_preview_headers.py::test_headers_preserved_in_prod_client PASSED [ 33%]
tests/test_prompt_engineering.py::test_generate_prompt_success PASSED    [ 33%]
tests/test_refactored_architecture.py::TestRoutingStrategies::test_round_robin_strategy PASSED [ 33%]
tests/test_refactored_architecture.py::TestRoutingStrategies::test_latency_based_strategy PASSED [ 33%]
tests/test_refactored_architecture.py::TestRoutingStrategies::test_strategy_factory PASSED [ 33%]
tests/test_refactored_architecture.py::TestCircuitBreaker::test_circuit_breaker_closed_state PASSED [ 33%]
tests/test_refactored_architecture.py::TestCircuitBreaker::test_circuit_breaker_opens_on_failures PASSED [ 33%]
tests/test_refactored_architecture.py::TestCircuitBreaker::test_circuit_breaker_half_open_recovery PASSED [ 34%]
tests/test_refactored_architecture.py::TestEventBus::test_event_subscription_and_publishing PASSED [ 34%]
tests/test_refactored_architecture.py::TestEventBus::test_event_history PASSED [ 34%]
tests/test_refactored_architecture.py::TestDependencyInjection::test_register_and_resolve PASSED [ 34%]
tests/test_refactored_architecture.py::TestDependencyInjection::test_singleton_registration PASSED [ 34%]
tests/test_refactored_architecture.py::TestChainOfResponsibility::test_authentication_handler PASSED [ 34%]
tests/test_refactored_architecture.py::TestChainOfResponsibility::test_failed_authentication PASSED [ 34%]
tests/test_refactored_architecture.py::TestRefactoredPlanner::test_plan_generation PASSED [ 34%]
tests/test_refactored_architecture.py::TestRefactoredPlanner::test_plan_validation PASSED [ 34%]
tests/test_refactored_architecture.py::TestRefactoredPlanner::test_plan_optimization PASSED [ 35%]
tests/test_refactored_architecture.py::TestRefactoredPlanner::test_context_analyzer PASSED [ 35%]
tests/test_refactored_architecture.py::TestRefactoredPlanner::test_task_generator PASSED [ 35%]
tests/test_refactored_architecture.py::TestIntegration::test_full_planning_flow PASSED [ 35%]
tests/test_refactored_modules.py::TestToolBuilder::test_builder_creates_tool PASSED [ 35%]
tests/test_refactored_modules.py::TestToolBuilder::test_builder_with_aliases PASSED [ 35%]
tests/test_refactored_modules.py::TestToolBuilder::test_builder_validation PASSED [ 35%]
tests/test_refactored_modules.py::TestToolRegistry::test_registry_registers_tool PASSED [ 35%]
tests/test_refactored_modules.py::TestToolRegistry::test_registry_prevents_duplicate_registration PASSED [ 35%]
tests/test_refactored_modules.py::TestToolRegistry::test_registry_handles_aliases PASSED [ 36%]
tests/test_refactored_modules.py::TestAnalysisPipeline::test_pipeline_executes_steps PASSED [ 36%]
tests/test_refactored_modules.py::TestAnalysisPipeline::test_pipeline_handles_errors PASSED [ 36%]
tests/test_refactored_modules.py::TestApplicationServices::test_health_check_service PASSED [ 36%]
tests/test_refactored_modules.py::TestApplicationServices::test_system_service PASSED [ 36%]
tests/test_refactored_modules.py::TestComplexityReduction::test_refactored_code_has_low_complexity PASSED [ 36%]
tests/test_refactored_modules.py::TestSOLIDPrinciples::test_single_responsibility_principle PASSED [ 36%]
tests/test_refactored_modules.py::TestSOLIDPrinciples::test_dependency_inversion_principle PASSED [ 36%]
tests/test_refactored_modules.py::TestSOLIDPrinciples::test_interface_segregation_principle PASSED [ 36%]
tests/test_repro_bug_order.py::test_get_latest_chat_deterministic_order PASSED [ 37%]
tests/test_security_enterprise.py::TestSecureAuthentication::test_password_hashing PASSED [ 37%]
tests/test_separation_of_concerns.py::TestServiceBoundaries::test_event_bus_publish_subscribe PASSED [ 37%]
tests/test_separation_of_concerns.py::TestServiceBoundaries::test_circuit_breaker_opens_on_failures PASSED [ 37%]
tests/test_separation_of_concerns.py::TestServiceBoundaries::test_bulkhead_limits_concurrent_requests PASSED [ 37%]
tests/test_separation_of_concerns.py::TestServiceBoundaries::test_api_gateway_response_aggregation PASSED [ 37%]
tests/test_separation_of_concerns.py::TestDataBoundaries::test_database_boundary_access_control PASSED [ 37%]
tests/test_separation_of_concerns.py::TestDataBoundaries::test_saga_successful_execution PASSED [ 37%]
tests/test_separation_of_concerns.py::TestDataBoundaries::test_saga_compensation_on_failure PASSED [ 37%]
tests/test_separation_of_concerns.py::TestDataBoundaries::test_event_sourcing_rebuild_state PASSED [ 38%]
tests/test_separation_of_concerns.py::TestPolicyBoundaries::test_policy_engine_allow_rule PASSED [ 38%]
tests/test_separation_of_concerns.py::TestPolicyBoundaries::test_policy_engine_deny_rule PASSED [ 38%]
tests/test_separation_of_concerns.py::TestPolicyBoundaries::test_security_pipeline_all_layers PASSED [ 38%]
tests/test_separation_of_concerns.py::TestPolicyBoundaries::test_data_governance_classification PASSED [ 38%]
tests/test_separation_of_concerns.py::TestPolicyBoundaries::test_compliance_engine_validation PASSED [ 38%]
tests/test_separation_of_concerns.py::TestIntegration::test_end_to_end_create_order_scenario PASSED [ 38%]
tests/test_separation_of_concerns.py::TestIntegration::test_global_instances_singleton PASSED [ 38%]
tests/test_separation_of_concerns.py::TestPerformance::test_event_bus_throughput PASSED [ 38%]
tests/test_separation_of_concerns.py::TestPerformance::test_policy_engine_evaluation_speed PASSED [ 38%]
tests/test_settings_smoke.py::test_settings_validation_error_on_missing_required_fields PASSED [ 39%]
tests/test_spa_fallback_fix.py::test_spa_fallback_nested_api_fix PASSED  [ 39%]
tests/test_static_api_path_bug.py::test_static_file_with_api_in_path_should_be_served PASSED [ 39%]
tests/test_static_routing_fix.py::test_serve_root PASSED                 [ 39%]
tests/test_static_routing_fix.py::test_serve_css PASSED                  [ 39%]
tests/test_static_routing_fix.py::test_spa_fallback PASSED               [ 39%]
tests/test_static_routing_fix.py::test_api_404 PASSED                    [ 39%]
tests/test_static_routing_fix.py::test_serve_specific_html PASSED        [ 39%]
tests/test_static_routing_fix.py::test_directory_traversal_prevention PASSED [ 39%]
tests/test_streaming_event_type_bug.py::test_chat_stream_has_delta_event_type FAILED [ 40%]
tests/test_stub_bug_fix.py::test_chat_stream_is_real_implementation PASSED [ 40%]
tests/test_superhuman_system.py::test_basic_request PASSED               [ 40%]
tests/test_system_healthz_bug.py::test_healthz_endpoint_failure PASSED   [ 40%]
tests/test_unified_observability.py::TestTraceContext::test_trace_context_creation PASSED [ 40%]
tests/test_unified_observability.py::TestTraceContext::test_trace_context_from_headers PASSED [ 40%]
tests/test_unified_observability.py::TestTraceContext::test_trace_context_to_headers PASSED [ 40%]
tests/test_unified_observability.py::TestUnifiedObservabilityService::test_anomaly_detection PASSED [ 40%]
tests/test_unified_observability.py::TestUnifiedObservabilityService::test_baggage_propagation PASSED [ 40%]
tests/test_unified_observability.py::TestUnifiedObservabilityService::test_child_spans PASSED [ 41%]
tests/test_unified_observability.py::TestUnifiedObservabilityService::test_counter_and_gauge PASSED [ 41%]
tests/test_unified_observability.py::TestUnifiedObservabilityService::test_error_tracking PASSED [ 41%]
tests/test_unified_observability.py::TestUnifiedObservabilityService::test_golden_signals PASSED [ 41%]
tests/test_unified_observability.py::TestUnifiedObservabilityService::test_percentile_calculation PASSED [ 41%]
tests/test_unified_observability.py::TestUnifiedObservabilityService::test_prometheus_export PASSED [ 41%]
tests/test_unified_observability.py::TestUnifiedObservabilityService::test_record_metrics PASSED [ 41%]
tests/test_unified_observability.py::TestUnifiedObservabilityService::test_service_dependencies PASSED [ 41%]
tests/test_unified_observability.py::TestUnifiedObservabilityService::test_span_events PASSED [ 41%]
tests/test_unified_observability.py::TestUnifiedObservabilityService::test_start_and_end_trace PASSED [ 42%]
tests/test_unified_observability.py::TestUnifiedObservabilityService::test_statistics PASSED [ 42%]
tests/test_unified_observability.py::TestUnifiedObservabilityService::test_structured_logging_with_correlation PASSED [ 42%]
tests/test_unified_observability.py::TestUnifiedObservabilityService::test_trace_search PASSED [ 42%]
tests/test_unified_observability.py::TestObservabilitySingleton::test_singleton_instance PASSED [ 42%]
tests/test_unified_observability.py::TestSamplingStrategies::test_always_sample_errors PASSED [ 42%]
tests/test_unified_observability.py::TestSamplingStrategies::test_head_based_sampling PASSED [ 42%]
tests/ai/test_circuit_breaker.py::TestCircuitBreaker::test_circuit_starts_closed PASSED [ 42%]
tests/ai/test_circuit_breaker.py::TestCircuitBreaker::test_successful_calls_keep_circuit_closed PASSED [ 42%]
tests/ai/test_circuit_breaker.py::TestCircuitBreaker::test_circuit_opens_after_threshold_failures PASSED [ 43%]
tests/ai/test_circuit_breaker.py::TestCircuitBreaker::test_circuit_rejects_calls_when_open PASSED [ 43%]
tests/ai/test_circuit_breaker.py::TestCircuitBreaker::test_circuit_transitions_to_half_open PASSED [ 43%]
tests/ai/test_circuit_breaker.py::TestCircuitBreaker::test_circuit_closes_after_successful_half_open PASSED [ 43%]
tests/ai/test_circuit_breaker.py::TestCircuitBreaker::test_circuit_reopens_on_half_open_failure PASSED [ 43%]
tests/ai/test_circuit_breaker.py::TestCircuitBreaker::test_manual_reset PASSED [ 43%]
tests/ai/test_circuit_breaker.py::TestCircuitBreaker::test_async_circuit_breaker PASSED [ 43%]
tests/api/test_admin_router_refactored.py::test_get_latest_chat_integration PASSED [ 43%]
tests/api/test_admin_router_refactored.py::test_list_conversations_integration PASSED [ 43%]
tests/api/test_admin_router_refactored.py::test_get_conversation_details_integration PASSED [ 44%]
tests/api/test_overmind_router.py::test_create_mission_endpoint FAILED   [ 44%]
tests/api/test_overmind_router.py::test_stream_endpoint_structure FAILED [ 44%]
tests/config/test_ai_models.py::TestAIModelsConfiguration::test_opus_4_5_is_available PASSED [ 44%]
tests/config/test_ai_models.py::TestAIModelsConfiguration::test_primary_model_is_opus_4_5 PASSED [ 44%]
tests/config/test_ai_models.py::TestAIModelsConfiguration::test_gateway_primary_model_is_opus_4_5 PASSED [ 44%]
tests/config/test_ai_models.py::TestAIModelsConfiguration::test_ai_config_singleton_reflects_changes PASSED [ 44%]
tests/config/test_settings.py::test_database_url_fixer_handles_duplicates_gracefully PASSED [ 44%]
tests/config/test_settings.py::test_database_url_fixer_handles_simple_sslmode PASSED [ 44%]
tests/config/test_superhuman_config.py::TestSuperhumanConfiguration::test_codespaces_detection PASSED [ 45%]
tests/config/test_superhuman_config.py::TestSuperhumanConfiguration::test_database_url_auto_healing PASSED [ 45%]
tests/config/test_superhuman_config.py::TestSuperhumanConfiguration::test_secret_absorption PASSED [ 45%]
tests/config/test_superhuman_config.py::TestSuperhumanConfiguration::test_sqlite_fallback PASSED [ 45%]
tests/config/test_superhuman_config.py::TestSuperhumanConfiguration::test_cors_injection PASSED [ 45%]
tests/config/test_superhuman_config.py::TestSuperhumanConfiguration::test_production_strict_validation PASSED [ 45%]
tests/contract/test_api_contract.py::TestAPIContracts::test_contract_placeholder PASSED [ 45%]
tests/contract/test_api_contract.py::TestAPIContracts::test_consumer_contract PASSED [ 45%]
tests/contract/test_api_contract.py::TestAPIContracts::test_provider_contract PASSED [ 45%]
tests/core/test_cognitive_fingerprint.py::test_assess_cognitive_complexity[What is the capital of France?-CognitiveComplexity.REFLEX] PASSED [ 46%]
tests/core/test_cognitive_fingerprint.py::test_assess_cognitive_complexity[Hello, how are you?-CognitiveComplexity.REFLEX] PASSED [ 46%]
tests/core/test_cognitive_fingerprint.py::test_assess_cognitive_complexity[Translate 'book' to Spanish.-CognitiveComplexity.REFLEX] PASSED [ 46%]
tests/core/test_cognitive_fingerprint.py::test_assess_cognitive_complexity[Summarize the main points of the article about climate change.-CognitiveComplexity.THOUGHT] PASSED [ 46%]
tests/core/test_cognitive_fingerprint.py::test_assess_cognitive_complexity[Explain the difference between supervised and unsupervised machine learning.-CognitiveComplexity.THOUGHT] PASSED [ 46%]
tests/core/test_cognitive_fingerprint.py::test_assess_cognitive_complexity[What are the implications of quantum computing on modern cryptography?-CognitiveComplexity.THOUGHT] PASSED [ 46%]
tests/core/test_cognitive_fingerprint.py::test_assess_cognitive_complexity[def factorial(n):-CognitiveComplexity.DEEP_THOUGHT] PASSED [ 46%]
tests/core/test_cognitive_fingerprint.py::test_assess_cognitive_complexity[Write a Python function to find all prime numbers up to n.-CognitiveComplexity.DEEP_THOUGHT] PASSED [ 46%]
tests/core/test_cognitive_fingerprint.py::test_assess_cognitive_complexity[```javascript\nconst x = 10;\n```-CognitiveComplexity.DEEP_THOUGHT] PASSED [ 46%]
tests/core/test_cognitive_fingerprint.py::test_assess_cognitive_complexity[Write a short story about a robot who discovers music.-CognitiveComplexity.CREATIVE] PASSED [ 46%]
tests/core/test_cognitive_fingerprint.py::test_assess_cognitive_complexity[Imagine you are a dragon. Describe your hoard.-CognitiveComplexity.CREATIVE] PASSED [ 47%]
tests/core/test_cognitive_fingerprint.py::test_assess_cognitive_complexity[Create a dialogue between Plato and a modern-day influencer.-CognitiveComplexity.CREATIVE] PASSED [ 47%]
tests/core/test_cognitive_fingerprint.py::test_assess_cognitive_complexity[Solve the following equation for x: 2x + 5 = 15-CognitiveComplexity.LOGICAL_REASONING] PASSED [ 47%]
tests/core/test_cognitive_fingerprint.py::test_assess_cognitive_complexity[Calculate the derivative of x^3.-CognitiveComplexity.LOGICAL_REASONING] PASSED [ 47%]
tests/core/test_cognitive_fingerprint.py::test_assess_cognitive_complexity[If a train leaves station A at 60 mph and another leaves station B at 70 mph, when will they meet?-CognitiveComplexity.LOGICAL_REASONING] PASSED [ 47%]
tests/core/test_cognitive_fingerprint_bug_fix.py::test_cognitive_complexity_precedence[Write a python function to solve a quadratic equation-CognitiveComplexity.DEEP_THOUGHT] PASSED [ 47%]
tests/core/test_cognitive_fingerprint_bug_fix.py::test_cognitive_complexity_precedence[Write a Python function to calculate the factorial-CognitiveComplexity.DEEP_THOUGHT] PASSED [ 47%]
tests/core/test_cognitive_fingerprint_bug_fix.py::test_cognitive_complexity_precedence[Write a poem about a function-CognitiveComplexity.CREATIVE] PASSED [ 47%]
tests/core/test_cognitive_fingerprint_bug_fix.py::test_cognitive_complexity_precedence[Solve the following equation for x-CognitiveComplexity.LOGICAL_REASONING] PASSED [ 47%]
tests/core/test_duplication_elimination.py::TestCommonImports::test_import_helper_get_existing_module PASSED [ 48%]
tests/core/test_duplication_elimination.py::TestCommonImports::test_import_helper_get_nonexistent_module PASSED [ 48%]
tests/core/test_duplication_elimination.py::TestCommonImports::test_import_helper_has_module PASSED [ 48%]
tests/core/test_duplication_elimination.py::TestCommonImports::test_import_helper_caching PASSED [ 48%]
tests/core/test_duplication_elimination.py::TestCommonImports::test_feature_flags PASSED [ 48%]
tests/core/test_duplication_elimination.py::TestErrorHandling::test_safe_execute_success PASSED [ 48%]
tests/core/test_duplication_elimination.py::TestErrorHandling::test_safe_execute_with_error PASSED [ 48%]
tests/core/test_duplication_elimination.py::TestErrorHandling::test_safe_execute_with_none_default PASSED [ 48%]
tests/core/test_duplication_elimination.py::TestErrorHandling::test_retry_on_failure_success_first_try PASSED [ 48%]
tests/core/test_duplication_elimination.py::TestErrorHandling::test_retry_on_failure_success_after_retries PASSED [ 49%]
tests/core/test_duplication_elimination.py::TestErrorHandling::test_retry_on_failure_exhausted PASSED [ 49%]
tests/core/test_duplication_elimination.py::TestErrorHandling::test_suppress_errors_success PASSED [ 49%]
tests/core/test_duplication_elimination.py::TestErrorHandling::test_suppress_errors_suppresses_specified PASSED [ 49%]
tests/core/test_duplication_elimination.py::TestErrorHandling::test_suppress_errors_doesnt_suppress_others PASSED [ 49%]
tests/core/test_duplication_elimination.py::TestErrorHandling::test_safe_context_success PASSED [ 49%]
tests/core/test_duplication_elimination.py::TestErrorHandling::test_safe_context_with_error PASSED [ 49%]
tests/core/test_duplication_elimination.py::TestErrorHandling::test_capture_errors_captures PASSED [ 49%]
tests/core/test_duplication_elimination.py::TestErrorHandling::test_capture_errors_without_list PASSED [ 49%]
tests/core/test_duplication_elimination.py::TestErrorHandling::test_error_handler_handle PASSED [ 50%]
tests/core/test_duplication_elimination.py::TestErrorHandling::test_error_handler_wrap_function_success PASSED [ 50%]
tests/core/test_duplication_elimination.py::TestErrorHandling::test_error_handler_wrap_function_error PASSED [ 50%]
tests/core/test_duplication_elimination.py::TestErrorHandling::test_format_exception_without_traceback PASSED [ 50%]
tests/core/test_duplication_elimination.py::TestErrorHandling::test_format_exception_with_traceback PASSED [ 50%]
tests/core/test_duplication_elimination.py::TestBaseProfiler::test_ring_buffer_append PASSED [ 50%]
tests/core/test_duplication_elimination.py::TestBaseProfiler::test_ring_buffer_overflow PASSED [ 50%]
tests/core/test_duplication_elimination.py::TestBaseProfiler::test_ring_buffer_clear PASSED [ 50%]
tests/core/test_duplication_elimination.py::TestBaseProfiler::test_base_profiler_init PASSED [ 50%]
tests/core/test_duplication_elimination.py::TestBaseProfiler::test_base_profiler_enable_disable PASSED [ 51%]
tests/core/test_duplication_elimination.py::TestBaseProfiler::test_base_profiler_clear PASSED [ 51%]
tests/core/test_duplication_elimination.py::TestBaseProfiler::test_base_metrics_collector_record PASSED [ 51%]
tests/core/test_duplication_elimination.py::TestBaseProfiler::test_base_metrics_collector_record_disabled PASSED [ 51%]
tests/core/test_duplication_elimination.py::TestBaseProfiler::test_base_metrics_collector_reset PASSED [ 51%]
tests/core/test_duplication_elimination.py::TestBaseProfiler::test_base_metrics_collector_statistics PASSED [ 51%]
tests/core/test_duplication_elimination.py::TestBaseProfiler::test_time_profiler_record_duration PASSED [ 51%]
tests/core/test_duplication_elimination.py::TestBaseProfiler::test_time_profiler_statistics PASSED [ 51%]
tests/core/test_duplication_elimination.py::TestBaseProfiler::test_time_profiler_statistics_empty PASSED [ 51%]
tests/core/test_duplication_elimination.py::TestBaseProfiler::test_count_profiler_increment PASSED [ 52%]
tests/core/test_duplication_elimination.py::TestBaseProfiler::test_count_profiler_statistics PASSED [ 52%]
tests/core/test_duplication_elimination.py::TestIntegrationScenarios::test_error_handler_with_retry PASSED [ 52%]
tests/core/test_duplication_elimination.py::TestIntegrationScenarios::test_profiler_with_error_handling PASSED [ 52%]
tests/core/test_engine_factory_hardened.py::test_create_unified_async_engine_postgres_hardening PASSED [ 52%]
tests/core/test_engine_factory_hardened.py::test_create_unified_async_engine_sqlite PASSED [ 52%]
tests/core/test_engine_factory_hardened.py::test_sanitize_database_url PASSED [ 52%]
tests/core/test_engine_factory_hardened.py::test_create_unified_async_engine_protocol_upgrade PASSED [ 52%]
tests/core/test_engine_factory_hardened.py::test_pgbouncer_compatibility_settings PASSED [ 52%]
tests/core/test_engine_factory_hardened.py::test_adaptive_pooler_detection PASSED [ 53%]
tests/core/test_engine_factory_hardened.py::test_quantum_statement_name_generator PASSED [ 53%]
tests/core/test_kernel_comprehensive.py::TestRealityKernel::test_kernel_initialization PASSED [ 53%]
tests/core/test_kernel_comprehensive.py::TestRealityKernel::test_get_app_returns_app PASSED [ 53%]
tests/core/test_kernel_comprehensive.py::TestRealityKernel::test_kernel_resilience_to_random_settings PASSED [ 53%]
tests/core/test_kernel_comprehensive.py::TestRealityKernel::test_route_weaving_logic PASSED [ 53%]
tests/core/test_kernel_comprehensive.py::TestRealityKernel::test_lifespan_startup_shutdown PASSED [ 53%]
tests/core/test_kernel_comprehensive.py::TestRealityKernel::test_cors_logic_dev_vs_prod PASSED [ 53%]
tests/core/test_middleware_duplication.py::test_middleware_chaos_interference PASSED [ 53%]
tests/core/test_rate_limit_middleware_config.py::test_rate_limit_middleware_exists PASSED [ 53%]
tests/core/test_schema_validation_bug.py::test_validate_and_fix_schema_bug_on_sqlite PASSED [ 54%]
tests/core/test_self_healing_core.py::TestSelfHealingSecurity::test_validate_table_name_security PASSED [ 54%]
tests/core/test_self_healing_core.py::TestSelfHealingSecurity::test_validate_column_name_security PASSED [ 54%]
tests/core/test_self_healing_core.py::TestSQLGenerator::test_add_column_sql PASSED [ 54%]
tests/core/test_self_healing_core.py::TestSQLGenerator::test_create_index_sql PASSED [ 54%]
tests/core/test_self_healing_core.py::TestSelfHealingEngineLogic::test_heal_async_detects_missing_column PASSED [ 54%]
tests/core/test_self_healing_core.py::TestSelfHealingEngineLogic::test_heal_api_error PASSED [ 54%]
tests/core/test_static_handler_refactor.py::test_serve_index_at_root PASSED [ 54%]
tests/core/test_static_handler_refactor.py::test_serve_static_asset PASSED [ 54%]
tests/core/test_static_handler_refactor.py::test_spa_fallback_for_routes PASSED [ 55%]
tests/core/test_static_handler_refactor.py::test_api_404_no_fallback PASSED [ 55%]
tests/core/test_static_handler_refactor.py::test_nested_api_404_no_fallback PASSED [ 55%]
tests/core/test_static_handler_refactor.py::test_directory_traversal_protection PASSED [ 55%]
tests/core/test_superhuman_ai_gateway.py::TestSuperhumanAIGateway::test_complexity_routing PASSED [ 55%]
tests/core/test_superhuman_ai_gateway.py::TestSuperhumanAIGateway::test_circuit_breaker_integration PASSED [ 55%]
tests/core/test_superhuman_ai_gateway.py::TestSuperhumanAIGateway::test_fallback_chain PASSED [ 55%]
tests/core/math/test_omni_router_semantic.py::TestSemanticAffinityEngine::test_coding_affinity PASSED [ 55%]
tests/core/math/test_omni_router_semantic.py::TestSemanticAffinityEngine::test_creative_affinity PASSED [ 55%]
tests/core/math/test_omni_router_semantic.py::TestSemanticAffinityEngine::test_neutral_prompt PASSED [ 56%]
tests/core/math/test_omni_router_semantic.py::TestOmniCognitiveRouterSemantic::test_ranking_with_semantics PASSED [ 56%]
tests/infrastructure/test_env_reader.py::TestEnvReader::test_read_int_env_default PASSED [ 56%]
tests/infrastructure/test_env_reader.py::TestEnvReader::test_read_int_env_from_env PASSED [ 56%]
tests/infrastructure/test_env_reader.py::TestEnvReader::test_read_int_env_invalid PASSED [ 56%]
tests/infrastructure/test_env_reader.py::TestEnvReader::test_read_bool_env_default_false PASSED [ 56%]
tests/infrastructure/test_env_reader.py::TestEnvReader::test_read_bool_env_default_true PASSED [ 56%]
tests/infrastructure/test_env_reader.py::TestEnvReader::test_read_bool_env_truthy[1] PASSED [ 56%]
tests/infrastructure/test_env_reader.py::TestEnvReader::test_read_bool_env_truthy[true] PASSED [ 56%]
tests/infrastructure/test_env_reader.py::TestEnvReader::test_read_bool_env_truthy[TRUE] PASSED [ 57%]
tests/infrastructure/test_env_reader.py::TestEnvReader::test_read_bool_env_truthy[yes] PASSED [ 57%]
tests/infrastructure/test_env_reader.py::TestEnvReader::test_read_bool_env_truthy[YES] PASSED [ 57%]
tests/infrastructure/test_env_reader.py::TestEnvReader::test_read_bool_env_truthy[on] PASSED [ 57%]
tests/infrastructure/test_env_reader.py::TestEnvReader::test_read_bool_env_truthy[ON] PASSED [ 57%]
tests/infrastructure/test_env_reader.py::TestEnvReader::test_read_bool_env_falsy[0] PASSED [ 57%]
tests/infrastructure/test_env_reader.py::TestEnvReader::test_read_bool_env_falsy[false] PASSED [ 57%]
tests/infrastructure/test_env_reader.py::TestEnvReader::test_read_bool_env_falsy[FALSE] PASSED [ 57%]
tests/infrastructure/test_env_reader.py::TestEnvReader::test_read_bool_env_falsy[no] PASSED [ 57%]
tests/infrastructure/test_env_reader.py::TestEnvReader::test_read_bool_env_falsy[NO] PASSED [ 58%]
tests/infrastructure/test_env_reader.py::TestEnvReader::test_read_bool_env_falsy[off] PASSED [ 58%]
tests/infrastructure/test_env_reader.py::TestEnvReader::test_read_bool_env_falsy[OFF] PASSED [ 58%]
tests/infrastructure/test_env_reader.py::TestEnvReader::test_read_str_env_default PASSED [ 58%]
tests/infrastructure/test_env_reader.py::TestEnvReader::test_read_str_env_from_env PASSED [ 58%]
tests/infrastructure/test_env_reader.py::TestEnvReader::test_read_float_env_default PASSED [ 58%]
tests/infrastructure/test_env_reader.py::TestEnvReader::test_read_float_env_from_env PASSED [ 58%]
tests/infrastructure/test_env_reader.py::TestEnvReader::test_read_float_env_invalid PASSED [ 58%]
tests/infrastructure/test_env_reader.py::TestDuplicationElimination::test_single_implementation PASSED [ 58%]
tests/infrastructure/test_env_reader.py::TestDuplicationElimination::test_backward_compatibility PASSED [ 59%]
tests/integration/test_admin_chat_api.py::TestAdminChatAPI::test_health_check PASSED [ 59%]
tests/integration/test_admin_chat_api.py::TestAdminChatAPI::test_admin_chat_unauthorized PASSED [ 59%]
tests/phase3_refactoring/test_llm_client_golden_master.py::TestGoldenMaster_ClientInitialization::test_client_defaults_to_mock_without_api_key PASSED [ 59%]
tests/phase3_refactoring/test_llm_client_golden_master.py::TestGoldenMaster_ClientInitialization::test_force_mock_overrides_api_key PASSED [ 59%]
tests/phase3_refactoring/test_llm_client_golden_master.py::TestGoldenMaster_ClientInitialization::test_singleton_behavior PASSED [ 59%]
tests/phase3_refactoring/test_llm_client_golden_master.py::TestGoldenMaster_InvokeChat::test_invoke_chat_with_mock_client PASSED [ 59%]
tests/phase3_refactoring/test_llm_client_golden_master.py::TestGoldenMaster_InvokeChat::test_invoke_chat_respects_temperature PASSED [ 59%]
tests/phase3_refactoring/test_llm_client_golden_master.py::TestGoldenMaster_InvokeChat::test_invoke_chat_with_tools PASSED [ 59%]
tests/phase3_refactoring/test_llm_client_golden_master.py::TestGoldenMaster_LLMHealth::test_llm_health_structure PASSED [ 60%]
tests/phase3_refactoring/test_llm_client_golden_master.py::TestGoldenMaster_PayloadPreparation::test_payload_respects_llm_force_model PASSED [ 60%]
tests/phase3_refactoring/test_llm_client_golden_master.py::TestGoldenMaster_ErrorHandling::test_empty_response_triggers_retry PASSED [ 60%]
tests/phase3_refactoring/test_llm_client_golden_master.py::TestGoldenMaster_Snapshots::test_create_baseline_snapshot PASSED [ 60%]
tests/phase3_refactoring/test_model_serving_e2e.py::TestModelServingE2E::test_full_inference_lifecycle PASSED [ 60%]
tests/phase3_refactoring/test_model_serving_e2e.py::TestModelServingE2E::test_routing_to_missing_model_fails_gracefully PASSED [ 60%]
tests/phase3_refactoring/test_model_serving_e2e.py::TestModelServingE2E::test_fallback_to_older_version_if_latest_not_ready PASSED [ 60%]
tests/phase3_refactoring/test_model_serving_refactored.py::TestDomainLayer::test_model_version_creation PASSED [ 60%]
tests/phase3_refactoring/test_model_serving_refactored.py::TestDomainLayer::test_model_status_enum PASSED [ 60%]
tests/phase3_refactoring/test_model_serving_refactored.py::TestInfrastructureLayer::test_in_memory_repository_save_and_get PASSED [ 61%]
tests/phase3_refactoring/test_model_serving_refactored.py::TestInfrastructureLayer::test_in_memory_repository_list_by_name PASSED [ 61%]
tests/phase3_refactoring/test_model_serving_refactored.py::TestInfrastructureLayer::test_mock_invoker_generates_response PASSED [ 61%]
tests/phase3_refactoring/test_model_serving_refactored.py::TestApplicationLayer::test_model_registry_registers_model PASSED [ 61%]
tests/phase3_refactoring/test_model_serving_refactored.py::TestApplicationLayer::test_model_registry_gets_latest_ready PASSED [ 61%]
tests/phase3_refactoring/test_model_serving_refactored.py::TestApplicationLayer::test_inference_router_serves_request PASSED [ 61%]
tests/security/test_admin_security_upgrades.py::test_access_control_isolation PASSED [ 61%]
tests/security/test_admin_security_upgrades.py::test_admin_can_access_any_conversation PASSED [ 61%]
tests/security/test_admin_security_upgrades.py::test_cors_strictness_mock PASSED [ 61%]
tests/security/test_bcrypt_compat.py::test_bcrypt_hashing_and_verification PASSED [ 61%]
tests/security/test_bcrypt_compat.py::test_bcrypt_backend_attributes PASSED [ 62%]
tests/security/test_encryption.py::test_encryption_decryption PASSED     [ 62%]
tests/security/test_encryption.py::test_decryption_with_invalid_key_id PASSED [ 62%]
tests/security/test_encryption.py::test_key_rotation PASSED              [ 62%]
tests/security/test_encryption.py::test_get_statistics PASSED            [ 62%]
tests/security/test_hyper_defense.py::test_chrono_shield_allowance_under_limit PASSED [ 62%]
tests/security/test_hyper_defense.py::test_chrono_shield_exponential_backoff PASSED [ 62%]
tests/security/test_hyper_defense.py::test_chrono_shield_hard_lockout PASSED [ 62%]
tests/security/test_hyper_defense.py::test_chrono_shield_reset PASSED    [ 62%]
tests/security/test_hyper_defense.py::test_chrono_shield_ip_persistence PASSED [ 63%]
tests/security/test_password_compat.py::test_legacy_hash_support PASSED  [ 63%]
tests/security/test_security_final.py::TestSecuritySuperhuman::test_sqli_resilience_static[' OR 1=1 --] PASSED [ 63%]
tests/security/test_security_final.py::TestSecuritySuperhuman::test_sqli_resilience_static['; DROP TABLE users; --] PASSED [ 63%]
tests/security/test_security_final.py::TestSecuritySuperhuman::test_generic_fuzzing_resilience PASSED [ 63%]
tests/security/test_user_me_endpoint.py::test_user_me_endpoint PASSED    [ 63%]
tests/security/test_user_me_endpoint.py::test_user_me_endpoint_invalid_token PASSED [ 63%]
tests/security/test_yaml_rce.py::TestYamlRCEProtection::test_unsafe_yaml_load_vulnerability_repro PASSED [ 63%]
tests/security/test_yaml_rce.py::TestYamlRCEProtection::test_safe_load_utility_success PASSED [ 63%]
tests/security/test_yaml_rce.py::TestYamlRCEProtection::test_safe_load_utility_file PASSED [ 64%]
tests/security/test_yaml_rce.py::TestYamlRCEProtection::test_prevention_of_rce_payload PASSED [ 64%]
tests/security/test_yaml_rce.py::TestYamlRCEProtection::test_codebase_scan_for_unsafe_load PASSED [ 64%]
tests/services/test_admin_chat_boundary_service_comprehensive.py::test_validate_auth_header_valid PASSED [ 64%]
tests/services/test_admin_chat_boundary_service_comprehensive.py::test_validate_auth_header_missing PASSED [ 64%]
tests/services/test_admin_chat_boundary_service_comprehensive.py::test_validate_auth_header_invalid_format PASSED [ 64%]
tests/services/test_admin_chat_boundary_service_comprehensive.py::test_validate_auth_header_not_bearer PASSED [ 64%]
tests/services/test_admin_chat_boundary_service_comprehensive.py::test_validate_auth_header_invalid_token PASSED [ 64%]
tests/services/test_admin_chat_boundary_service_comprehensive.py::test_validate_auth_header_missing_sub PASSED [ 64%]
tests/services/test_admin_chat_boundary_service_comprehensive.py::test_validate_auth_header_invalid_user_id_type PASSED [ 65%]
tests/services/test_admin_chat_boundary_service_comprehensive.py::test_get_or_create_conversation_create_new PASSED [ 65%]
tests/services/test_admin_chat_boundary_service_comprehensive.py::test_get_or_create_conversation_existing PASSED [ 65%]
tests/services/test_admin_chat_boundary_service_comprehensive.py::test_get_or_create_conversation_not_found PASSED [ 65%]
tests/services/test_admin_chat_boundary_service_comprehensive.py::test_get_or_create_conversation_invalid_id FAILED [ 65%]
tests/services/test_admin_chat_boundary_service_comprehensive.py::test_save_message PASSED [ 65%]
tests/services/test_admin_chat_boundary_service_comprehensive.py::test_get_chat_history PASSED [ 65%]
tests/services/test_admin_chat_boundary_service_comprehensive.py::test_stream_chat_response_flow PASSED [ 65%]
tests/services/test_admin_chat_boundary_service_comprehensive.py::test_stream_chat_response_error_handling PASSED [ 65%]
tests/services/test_admin_chat_boundary_service_final.py::TestAdminChatBoundaryService::test_validate_auth_header_valid PASSED [ 66%]
tests/services/test_admin_chat_boundary_service_final.py::TestAdminChatBoundaryService::test_validate_auth_header_missing PASSED [ 66%]
tests/services/test_admin_chat_boundary_service_final.py::TestAdminChatBoundaryService::test_validate_auth_header_malformed_fuzz PASSED [ 66%]
tests/services/test_admin_chat_boundary_service_final.py::TestAdminChatBoundaryService::test_validate_auth_header_invalid_token PASSED [ 66%]
tests/services/test_admin_chat_boundary_service_final.py::TestAdminChatBoundaryService::test_verify_conversation_access_success PASSED [ 66%]
tests/services/test_admin_chat_boundary_service_final.py::TestAdminChatBoundaryService::test_verify_conversation_access_failures PASSED [ 66%]
tests/services/test_admin_chat_boundary_service_final.py::TestAdminChatBoundaryService::test_get_or_create_conversation_delegation FAILED [ 66%]
tests/services/test_admin_chat_boundary_service_final.py::TestAdminChatBoundaryService::test_stream_chat_response_delegation PASSED [ 66%]
tests/services/test_admin_chat_streaming_service_coverage.py::test_smart_token_chunker_chunk_text PASSED [ 66%]
tests/services/test_admin_chat_streaming_service_coverage.py::test_smart_token_chunker_smart_chunk PASSED [ 67%]
tests/services/test_admin_chat_streaming_service_coverage.py::test_speculative_decoder_patterns PASSED [ 67%]
tests/services/test_admin_chat_streaming_service_coverage.py::test_streaming_metrics PASSED [ 67%]
tests/services/test_admin_chat_streaming_service_coverage.py::test_streaming_metrics_empty PASSED [ 67%]
tests/services/test_admin_chat_streaming_service_coverage.py::test_service_initialization PASSED [ 67%]
tests/services/test_admin_chat_streaming_service_coverage.py::test_service_stream_response PASSED [ 67%]
tests/services/test_admin_chat_streaming_service_coverage.py::test_service_async_stream_response PASSED [ 67%]
tests/services/test_admin_chat_streaming_service_coverage.py::test_singleton PASSED [ 67%]
tests/services/test_ai_adaptive_microservices.py::TestAIScalingEngine::test_predict_load_insufficient_data PASSED [ 67%]
tests/services/test_ai_adaptive_microservices.py::TestAIScalingEngine::test_predict_load_with_history PASSED [ 68%]
tests/services/test_ai_adaptive_microservices.py::TestAIScalingEngine::test_calculate_optimal_instances_scale_up PASSED [ 68%]
tests/services/test_ai_adaptive_microservices.py::TestAIScalingEngine::test_calculate_optimal_instances_scale_down PASSED [ 68%]
tests/services/test_ai_adaptive_microservices.py::TestAIScalingEngine::test_calculate_optimal_instances_stable PASSED [ 68%]
tests/services/test_ai_adaptive_microservices.py::TestAIScalingEngine::test_calculate_optimal_instances_latency_trigger PASSED [ 68%]
tests/services/test_ai_adaptive_microservices.py::TestIntelligentRouter::test_select_instance_none_available PASSED [ 68%]
tests/services/test_ai_adaptive_microservices.py::TestIntelligentRouter::test_select_instance_prefers_healthy PASSED [ 68%]
tests/services/test_ai_adaptive_microservices.py::TestIntelligentRouter::test_select_instance_fallback_degraded PASSED [ 68%]
tests/services/test_ai_adaptive_microservices.py::TestIntelligentRouter::test_calculate_instance_score PASSED [ 68%]
tests/services/test_ai_adaptive_microservices.py::TestIntelligentRouter::test_update_instance_score PASSED [ 69%]
tests/services/test_ai_adaptive_microservices.py::TestPredictiveHealthMonitor::test_analyze_health_healthy PASSED [ 69%]
tests/services/test_ai_adaptive_microservices.py::TestPredictiveHealthMonitor::test_analyze_health_critical PASSED [ 69%]
tests/services/test_ai_adaptive_microservices.py::TestPredictiveHealthMonitor::test_analyze_health_degraded PASSED [ 69%]
tests/services/test_ai_adaptive_microservices.py::TestPredictiveHealthMonitor::test_detect_anomalies PASSED [ 69%]
tests/services/test_ai_adaptive_microservices.py::TestPredictiveHealthMonitor::test_predict_failure PASSED [ 69%]
tests/services/test_ai_adaptive_microservices.py::TestSelfAdaptiveMicroservices::test_register_service PASSED [ 69%]
tests/services/test_ai_adaptive_microservices.py::TestSelfAdaptiveMicroservices::test_update_metrics_and_health PASSED [ 69%]
tests/services/test_ai_adaptive_microservices.py::TestSelfAdaptiveMicroservices::test_auto_scale_up PASSED [ 69%]
tests/services/test_ai_adaptive_microservices.py::TestSelfAdaptiveMicroservices::test_auto_scale_down PASSED [ 69%]
tests/services/test_ai_adaptive_microservices.py::TestSelfAdaptiveMicroservices::test_route_request PASSED [ 70%]
tests/services/test_ai_adaptive_microservices.py::TestSelfAdaptiveMicroservices::test_get_service_status PASSED [ 70%]
tests/services/test_ai_adaptive_microservices.py::TestSelfAdaptiveMicroservices::test_aggregate_metrics PASSED [ 70%]
tests/services/test_ai_advanced_security.py::TestDeepLearningThreatDetector::test_detect_sql_injection_payload PASSED [ 70%]
tests/services/test_ai_advanced_security.py::TestDeepLearningThreatDetector::test_detect_sql_injection_url PASSED [ 70%]
tests/services/test_ai_advanced_security.py::TestDeepLearningThreatDetector::test_detect_xss PASSED [ 70%]
tests/services/test_ai_advanced_security.py::TestDeepLearningThreatDetector::test_detect_malformed_request_code PASSED [ 70%]
tests/services/test_ai_advanced_security.py::TestDeepLearningThreatDetector::test_detect_malformed_request_payload_size PASSED [ 70%]
tests/services/test_ai_advanced_security.py::TestBehavioralAnalyzer::test_get_or_create_profile PASSED [ 70%]
tests/services/test_ai_advanced_security.py::TestBehavioralAnalyzer::test_detect_unusual_endpoint PASSED [ 71%]
tests/services/test_ai_advanced_security.py::TestBehavioralAnalyzer::test_update_profile PASSED [ 71%]
tests/services/test_ai_advanced_security.py::TestAutomatedResponseSystem::test_block_ip PASSED [ 71%]
tests/services/test_ai_advanced_security.py::TestAutomatedResponseSystem::test_block_user PASSED [ 71%]
tests/services/test_ai_advanced_security.py::TestAutomatedResponseSystem::test_rate_limit PASSED [ 71%]
tests/services/test_ai_advanced_security.py::TestAutomatedResponseSystem::test_respond_to_critical_threat PASSED [ 71%]
tests/services/test_ai_advanced_security.py::TestSuperhumanSecuritySystem::test_process_legitimate_request PASSED [ 71%]
tests/services/test_ai_advanced_security.py::TestSuperhumanSecuritySystem::test_process_malicious_request PASSED [ 71%]
tests/services/test_ai_advanced_security.py::TestSuperhumanSecuritySystem::test_security_dashboard PASSED [ 71%]
tests/services/test_ai_intelligent_testing.py::test_analyze_code PASSED  [ 72%]
tests/services/test_ai_intelligent_testing.py::test_analyze_code_syntax_error PASSED [ 72%]
tests/services/test_ai_intelligent_testing.py::test_generate_tests_for_function PASSED [ 72%]
tests/services/test_ai_intelligent_testing.py::test_smart_selector PASSED [ 72%]
tests/services/test_ai_intelligent_testing.py::test_coverage_optimizer PASSED [ 72%]
tests/services/test_api_security_service.py::test_api_security_service_instantiation PASSED [ 72%]
tests/services/test_api_security_service.py::test_security_service_methods PASSED [ 72%]
tests/services/test_api_security_service.py::test_api_security_service_integration PASSED [ 72%]
tests/services/test_config_secrets_hexagonal.py::test_config_crud PASSED [ 72%]
tests/services/test_config_secrets_hexagonal.py::test_secret_lifecycle PASSED [ 73%]
tests/services/test_config_secrets_hexagonal.py::test_audit_logs PASSED  [ 73%]
tests/services/test_config_secrets_hexagonal.py::test_singleton PASSED   [ 73%]
tests/services/test_data_mesh_refactor.py::test_data_mesh_refactor_verification PASSED [ 73%]
tests/services/test_duplication_buster.py::TestDuplicationBuster::test_init PASSED [ 73%]
tests/services/test_duplication_buster.py::TestDuplicationBuster::test_analyze_file_parses_functions PASSED [ 73%]
tests/services/test_duplication_buster.py::TestDuplicationBuster::test_analyze_file_detects_duplicates PASSED [ 73%]
tests/services/test_duplication_buster.py::TestDuplicationBuster::test_analyze_file_ignores_non_duplicates PASSED [ 73%]
tests/services/test_duplication_buster.py::TestDuplicationBuster::test_scan_traverses_directories PASSED [ 73%]
tests/services/test_duplication_buster.py::TestDuplicationBuster::test_generate_report_format PASSED [ 74%]
tests/services/test_duplication_buster.py::TestDuplicationBuster::test_analyze_file_handles_exceptions PASSED [ 74%]
tests/services/test_duplication_buster.py::TestDuplicationBuster::test_async_functions PASSED [ 74%]
tests/services/test_ensemble_ai.py::TestQueryClassifier::test_calculate_complexity_simple PASSED [ 74%]
tests/services/test_ensemble_ai.py::TestQueryClassifier::test_calculate_complexity_complex PASSED [ 74%]
tests/services/test_ensemble_ai.py::TestQueryClassifier::test_count_technical_terms PASSED [ 74%]
tests/services/test_ensemble_ai.py::TestQueryClassifier::test_is_multi_step PASSED [ 74%]
tests/services/test_ensemble_ai.py::TestQueryClassifier::test_measure_ambiguity PASSED [ 74%]
tests/services/test_ensemble_ai.py::TestQueryClassifier::test_assess_creativity_need PASSED [ 74%]
tests/services/test_ensemble_ai.py::TestQueryClassifier::test_is_urgent PASSED [ 75%]
tests/services/test_ensemble_ai.py::TestQueryClassifier::test_detect_domain PASSED [ 75%]
tests/services/test_ensemble_ai.py::TestQueryClassifier::test_estimate_response_length PASSED [ 75%]
tests/services/test_ensemble_ai.py::TestQueryClassifier::test_needs_reasoning PASSED [ 75%]
tests/services/test_ensemble_ai.py::TestQueryClassifier::test_analyze_integration PASSED [ 75%]
tests/services/test_ensemble_ai.py::TestCostOptimizer::test_can_afford PASSED [ 75%]
tests/services/test_ensemble_ai.py::TestCostOptimizer::test_suggest_cheaper_alternative PASSED [ 75%]
tests/services/test_ensemble_ai.py::TestCostOptimizer::test_record_cost PASSED [ 75%]
tests/services/test_ensemble_ai.py::TestIntelligentRouter::test_route_simple_urgent PASSED [ 75%]
tests/services/test_ensemble_ai.py::TestIntelligentRouter::test_route_simple_not_urgent PASSED [ 76%]
tests/services/test_ensemble_ai.py::TestIntelligentRouter::test_route_medium PASSED [ 76%]
tests/services/test_ensemble_ai.py::TestIntelligentRouter::test_route_complex PASSED [ 76%]
tests/services/test_ensemble_ai.py::TestIntelligentRouter::test_route_cost_downgrade PASSED [ 76%]
tests/services/test_ensemble_ai.py::TestIntelligentRouter::test_get_next_tier PASSED [ 76%]
tests/services/test_ensemble_ai.py::test_get_router_singleton PASSED     [ 76%]
tests/services/test_history_service_comprehensive.py::TestHistoryServiceComprehensive::test_get_recent_conversations_success ERROR [ 76%]
tests/services/test_history_service_comprehensive.py::TestHistoryServiceComprehensive::test_get_recent_conversations_limit ERROR [ 76%]
tests/services/test_history_service_comprehensive.py::TestHistoryServiceComprehensive::test_get_recent_conversations_error PASSED [ 76%]
tests/services/test_history_service_comprehensive.py::TestHistoryServiceComprehensive::test_rate_message_success ERROR [ 76%]
tests/services/test_history_service_comprehensive.py::TestHistoryServiceComprehensive::test_rate_message_invalid_rating PASSED [ 77%]
tests/services/test_history_service_comprehensive.py::TestHistoryServiceComprehensive::test_rate_message_not_found ERROR [ 77%]
tests/services/test_history_service_comprehensive.py::TestHistoryServiceComprehensive::test_rate_message_security_violation ERROR [ 77%]
tests/services/test_history_service_comprehensive.py::TestHistoryServiceComprehensive::test_rate_message_db_error ERROR [ 77%]
tests/services/test_history_service_comprehensive.py::TestHistoryServiceComprehensive::test_rate_message_unexpected_error ERROR [ 77%]
tests/services/test_kubernetes_orchestration_refactored.py::test_kubernetes_orchestration_imports PASSED [ 77%]
tests/services/test_llm_client_service.py::TestLLMInitialization::test_get_llm_client_defaults_to_mock PASSED [ 77%]
tests/services/test_llm_client_service.py::TestLLMInitialization::test_force_mock_mode PASSED [ 77%]
tests/services/test_llm_client_service.py::TestLLMInitialization::test_openai_client_initialization PASSED [ 77%]
tests/services/test_llm_client_service.py::TestLLMInitialization::test_openrouter_http_fallback PASSED [ 78%]
tests/services/test_llm_client_service.py::TestLLMInitialization::test_real_client_init_failure_falls_back_to_mock PASSED [ 78%]
tests/services/test_llm_client_service.py::TestMockClient::test_mock_client_chat_completion PASSED [ 78%]
tests/services/test_llm_client_service.py::TestHttpFallbackClient::test_http_fallback_chat_completion_success PASSED [ 78%]
tests/services/test_llm_client_service.py::TestInvocationLogic::test_invoke_chat_success_mock PASSED [ 78%]
tests/services/test_llm_client_service.py::TestInvocationLogic::test_invoke_chat_hooks PASSED [ 78%]
tests/services/test_llm_client_service.py::TestInvocationLogic::test_invoke_chat_retry_logic PASSED [ 78%]
tests/services/test_llm_client_service.py::TestInvocationLogic::test_circuit_breaker PASSED [ 78%]
tests/services/test_llm_client_service.py::TestInvocationLogic::test_invoke_chat_stream PASSED [ 78%]
tests/services/test_llm_client_service.py::TestInvocationLogic::test_cost_estimation PASSED [ 79%]
tests/services/test_llm_client_service.py::TestInvocationLogic::test_sanitization PASSED [ 79%]
tests/services/test_llm_client_service.py::TestInvocationLogic::test_llm_health PASSED [ 79%]
tests/services/test_overmind_super_agent.py::test_council_of_wisdom_flow PASSED [ 79%]
tests/services/test_overmind_super_agent.py::test_self_correction_loop PASSED [ 79%]
tests/services/test_project_context_service.py::TestProjectContextService::test_get_project_structure PASSED [ 79%]
tests/services/test_project_context_service.py::TestProjectContextService::test_get_code_statistics PASSED [ 79%]
tests/services/test_project_context_service.py::TestProjectContextService::test_get_models_info PASSED [ 79%]
tests/services/test_project_context_service.py::TestProjectContextService::test_get_services_info PASSED [ 79%]
tests/services/test_project_context_service.py::TestProjectContextService::test_get_api_routes_info PASSED [ 80%]
tests/services/test_project_context_service.py::TestProjectContextService::test_get_recent_issues_no_issues PASSED [ 80%]
tests/services/test_project_context_service.py::TestProjectContextService::test_get_strengths PASSED [ 80%]
tests/services/test_project_context_service.py::TestProjectContextService::test_get_deep_file_analysis PASSED [ 80%]
tests/services/test_project_context_service.py::TestProjectContextService::test_get_architecture_layers PASSED [ 80%]
tests/services/test_project_context_service.py::TestProjectContextService::test_get_key_components PASSED [ 80%]
tests/services/test_project_context_service.py::TestProjectContextService::test_generate_context_for_ai PASSED [ 80%]
tests/services/test_project_context_service.py::TestProjectContextService::test_invalidate_cache PASSED [ 80%]
tests/services/test_project_context_service.py::TestProjectContextService::test_deep_search_issues PASSED [ 80%]
tests/services/test_project_context_service.py::TestProjectContextService::test_intelligent_code_search PASSED [ 81%]
tests/services/test_project_context_service.py::TestProjectContextService::test_detect_code_smells PASSED [ 81%]
tests/services/test_project_context_service.py::TestProjectContextService::test_get_comprehensive_analysis PASSED [ 81%]
tests/services/test_prompt_engineering_service.py::test_generate_prompt_existing_template PASSED [ 81%]
tests/services/test_prompt_engineering_service.py::test_generate_prompt_missing_template PASSED [ 81%]
tests/services/test_prompt_engineering_service.py::test_generate_prompt_formatting_error PASSED [ 81%]
tests/services/test_saga_coverage.py::test_saga_creation PASSED          [ 81%]
tests/services/test_saga_coverage.py::test_successful_saga PASSED        [ 81%]
tests/services/test_saga_coverage.py::test_failed_saga_compensation PASSED [ 81%]
tests/services/test_saga_coverage.py::test_retry_logic PASSED            [ 82%]
tests/services/test_saga_coverage.py::test_max_retries_exceeded PASSED   [ 82%]
tests/services/test_saga_coverage.py::test_concurrent_execution_prevention PASSED [ 82%]
tests/services/test_saga_coverage.py::test_not_found PASSED              [ 82%]
tests/services/test_saga_coverage.py::test_metrics_and_events PASSED     [ 82%]
tests/services/test_saga_coverage.py::test_singleton PASSED              [ 82%]
tests/services/test_security_metrics_coverage.py::test_metrics_calculator_empty PASSED [ 82%]
tests/services/test_security_metrics_coverage.py::test_metrics_calculator_basic_counts PASSED [ 82%]
tests/services/test_security_metrics_coverage.py::test_velocity_metrics PASSED [ 82%]
[...]
app/services/master_agent/domain/ports.py                                      0      0   100%
app/services/master_agent/facade.py                                            6      6     0%   5-17
app/services/master_agent/infrastructure/__init__.py                           2      2     0%   1-3
app/services/master_agent/infrastructure/repository.py                         6      6     0%   5-14
app/services/micro_frontends_service.py                                      102    102     0%   1-171
app/services/orchestration/__init__.py                                         2      0   100%
app/services/orchestration/application/__init__.py                             6      0   100%
app/services/orchestration/application/auto_scaler.py                         44     32    27%   31-33, 44-51, 55-83, 87-93, 99-100, 105-106
app/services/orchestration/application/node_manager.py                        23     11    52%   41, 46-51, 55, 59, 63-66
app/services/orchestration/application/pod_scheduler.py                       30      2    93%   61, 104
app/services/orchestration/application/raft_consensus.py                      72     54    25%   30-38, 42-47, 51-53, 57-67, 71-72, 76-77, 81-94, 98, 103-111, 115-130
app/services/orchestration/application/self_healer.py                         71     50    30%   66-69, 73-79, 83-89, 94-98, 103-109, 113-146, 150-197, 207-220, 224
app/services/orchestration/domain/__init__.py                                  2      0   100%
app/services/orchestration/domain/models.py                                   98      0   100%
app/services/orchestration/domain/ports.py                                     8      8     0%   8-53
app/services/orchestration/infrastructure/__init__.py                          2      2     0%   8-14
app/services/orchestration/infrastructure/in_memory_repository.py             58     58     0%   8-107
app/services/overmind/__init__.py                                              3      0   100%
app/services/overmind/agents/architect.py                                      8      2    75%   12, 18
app/services/overmind/agents/auditor.py                                       15      7    53%   33, 39-54
app/services/overmind/agents/operator.py                                      12      6    50%   12, 18-25
app/services/overmind/agents/strategist.py                                    31     21    32%   35, 43-98, 112-116
app/services/overmind/code_intelligence/__init__.py                            0      0   100%
app/services/overmind/code_intelligence/analyzers/__init__.py                  0      0   100%
app/services/overmind/code_intelligence/analyzers/complexity.py               57     57     0%   1-105
app/services/overmind/code_intelligence/analyzers/git.py                      33     33     0%   1-109
app/services/overmind/code_intelligence/analyzers/smells.py                   28     28     0%   2-60
app/services/overmind/code_intelligence/cli.py                                35     35     0%   1-69
app/services/overmind/code_intelligence/core.py                              133    133     0%   1-253
app/services/overmind/code_intelligence/models.py                             50     50     0%   1-76
app/services/overmind/code_intelligence/reporters/__init__.py                  0      0   100%
app/services/overmind/code_intelligence/reporters/csv_reporter.py             14     14     0%   1-37
app/services/overmind/code_intelligence/reporters/html_reporter.py            20     20     0%   1-288
app/services/overmind/code_intelligence/reporters/json_reporter.py             9      9     0%   1-13
app/services/overmind/code_intelligence/reporters/markdown_reporter.py        48     48     0%   1-92
app/services/overmind/domain/api_schemas.py                                   48      0   100%
app/services/overmind/domain/cognitive.py                                     61      4    93%   95, 149-151
app/services/overmind/domain/context.py                                        9      0   100%
app/services/overmind/executor.py                                             32     22    31%   19-20, 34-74
app/services/overmind/factory.py                                              22      0   100%
app/services/overmind/orchestrator.py                                         38      7    82%   70-78, 97
app/services/overmind/planning/__init__.py                                    55     27    51%   71-73, 80-84, 92, 96, 101-106, 112, 119-122, 136-138, 142-144
app/services/overmind/planning/_configs.py                                    18      0   100%
app/services/overmind/planning/_drift_detection.py                            34     18    47%   42-60
app/services/overmind/planning/_layer_detection.py                            18     18     0%   5-51
app/services/overmind/planning/_self_test_runner.py                           72     43    40%   42, 59-87, 114-115, 120-138, 164-166
app/services/overmind/planning/_structural_scoring.py                         48     30    38%   17, 32-41, 57-71, 76-78, 95-98, 115-119, 148-152
app/services/overmind/planning/_tag_detection.py                              13     13     0%   5-45
app/services/overmind/planning/base_planner.py                               263    168    36%   15-16, 62-63, 69, 77-79, 86-87, 119-123, 129-139, 142-147, 151-169, 173-182, 186, 190-208, 212, 218-253, 260-295, 305-337, 340-348, 352-367, 371, 375, 379
app/services/overmind/planning/config.py                                      58      1    98%   149
app/services/overmind/planning/deep_indexer.py                                22     22     0%   12-41
app/services/overmind/planning/dependency_grapher.py                          51     51     0%   9-70
app/services/overmind/planning/discovery.py                                   79     79     0%   5-128
app/services/overmind/planning/exceptions.py                                  78     46    41%   19-22, 40-74, 77, 109, 121-126, 133-140, 147-154, 167-173
app/services/overmind/planning/execution.py                                   42     30    29%   31-59, 68-71, 78-86
app/services/overmind/planning/factory.py                                    196    196     0%   37-589
app/services/overmind/planning/factory_core.py                               239    239     0%   6-560
app/services/overmind/planning/fault_tolerance.py                             38      4    89%   34-35, 57-58
app/services/overmind/planning/generators/__init__.py                          7      7     0%   11-18
app/services/overmind/planning/generators/context_enricher.py                 24     24     0%   8-92
app/services/overmind/planning/generators/dependency_builder.py               32     32     0%   4-56
app/services/overmind/planning/generators/objective_analyzer.py               58     58     0%   8-143
app/services/overmind/planning/generators/plan_generator.py                   27     27     0%   4-60
app/services/overmind/planning/generators/plan_optimizer.py                   15     15     0%   4-33
app/services/overmind/planning/generators/task_decomposer.py                  43     43     0%   4-100
app/services/overmind/planning/governance.py                                  21      1    95%   54
app/services/overmind/planning/llm_planner.py                                 12     12     0%   10-50
app/services/overmind/planning/multi_pass_arch_planner.py                    107    107     0%   121-584
app/services/overmind/planning/ranking.py                                     55     55     0%   11-246
app/services/overmind/planning/reliability.py                                 48     24    50%   38-47, 51-59, 66-69, 73-75
app/services/overmind/planning/sandbox.py                                     51     51     0%   11-167
app/services/overmind/planning/schemas.py                                    265    115    57%   136-137, 140, 240-243, 247-250, 254-256, 260-275, 279-281, 285-287, 339-393, 404-406, 413, 416-417, 420, 423, 426, 429, 432, 435-441, 444, 456-466, 486, 495-506, 517-536
app/services/overmind/planning/strategies/__init__.py                          2      0   100%
app/services/overmind/planning/strategies/base_strategy.py                     8      0   100%
app/services/overmind/planning/strategies/linear_strategy.py                  23     11    52%   26-27, 31-40, 43, 48
app/services/overmind/planning/strategies/recursive_strategy.py               23     23     0%   7-45
app/services/overmind/planning/telemetry.py                                   75     75     0%   5-166
app/services/overmind/planning/validators/__init__.py                         10     10     0%   9-19
app/services/overmind/planning/validators/basic_validator.py                  12     12     0%   9-40
app/services/overmind/planning/validators/depth_validator.py                  13     13     0%   9-41
app/services/overmind/planning/validators/fanout_validator.py                 12     12     0%   9-40
app/services/overmind/planning/validators/graph_builder.py                    48     48     0%   8-119
app/services/overmind/planning/validators/hash_computer.py                    14     14     0%   9-75
app/services/overmind/planning/validators/heuristic_validator.py              51     51     0%   9-153
app/services/overmind/planning/validators/orchestrator.py                     57     57     0%   11-137
app/services/overmind/planning/validators/stats_computer.py                   38     38     0%   9-107
app/services/overmind/planning/validators/topology_validator.py               36     36     0%   9-97
app/services/overmind/state.py                                                83     64    23%   27, 40-49, 52-61, 66-79, 84-91, 102-154, 157-159, 162-168, 171-180, 183-189
app/services/overmind/tool_canonicalizer.py                                  130      3    98%   121, 176, 212
app/services/project_context/__init__.py                                       8      3    62%   29, 33-34
app/services/project_context/application/__init__.py                           2      0   100%
app/services/project_context/application/context_analyzer.py                 282     33    88%   77-78, 90-91, 108-109, 169, 182, 186, 208, 217, 227-228, 247, 306-307, 422, 438, 462-473, 488, 496, 521, 532-535, 558, 562, 612-613
app/services/project_context/domain/__init__.py                                2      0   100%
app/services/project_context/domain/models.py                                 42      0   100%
app/services/project_context/refactored/__init__.py                            4      0   100%
app/services/project_context/refactored/context.py                            15      0   100%
app/services/project_context/refactored/pipeline.py                           15      0   100%
app/services/project_context/refactored/steps.py                              41      9    78%   36, 40-43, 57, 62-63, 89
app/services/saga_orchestrator.py                                            197     10    95%   268-273, 343, 354, 396-397
app/services/security/__init__.py                                              2      0   100%
app/services/security/auth_persistence.py                                     25      4    84%   34, 55-57, 64
app/services/security_metrics/__init__.py                                      3      0   100%
app/services/security_metrics/application/__init__.py                          4      0   100%
app/services/security_metrics/application/metrics_calculator.py               43      0   100%
app/services/security_metrics/application/predictive_analytics.py             32      1    97%   72
app/services/security_metrics/application/risk_calculator.py                  41      1    98%   52
app/services/security_metrics/domain/__init__.py                               3      0   100%
app/services/security_metrics/domain/models.py                                63      0   100%
app/services/security_metrics/domain/ports.py                                 29      5    83%   20, 25, 36, 47, 58
app/services/security_metrics/facade.py                                       33      0   100%
app/services/security_metrics/infrastructure/__init__.py                       2      0   100%
app/services/security_metrics/infrastructure/in_memory_repositories.py        32      2    94%   32, 35
app/services/serving/__init__.py                                               7      0   100%
app/services/serving/application/__init__.py                                   0      0   100%
app/services/serving/application/ab_test_engine.py                            40      1    98%   60
app/services/serving/application/ensemble_router.py                           31      0   100%
app/services/serving/application/experiment_manager.py                        78      9    88%   149, 154, 214-219, 226-227
app/services/serving/application/inference_router.py                          32      2    94%   103, 134
app/services/serving/application/model_invoker.py                             37      0   100%
app/services/serving/application/model_registry.py                            73     15    79%   175-181, 193-201
app/services/serving/application/shadow_deployment.py                         29      0   100%
app/services/serving/domain/__init__.py                                        0      0   100%
app/services/serving/domain/models.py                                        110      0   100%
app/services/serving/domain/ports.py                                          20     20     0%   10-140
app/services/serving/infrastructure/__init__.py                                0      0   100%
app/services/serving/infrastructure/in_memory_repository.py                   58      1    98%   56
app/services/serving/infrastructure/metrics_collector.py                      22      0   100%
app/services/serving/infrastructure/mock_model_invoker.py                     41      9    78%   66, 83-84, 116, 134-152
app/services/serving/observability/__init__.py                                 0      0   100%
app/services/streaming/admin_chat_streaming_service.py                       130      5    96%   84, 171, 256, 333, 339
app/services/streaming/breakthrough_streaming.py                              61     17    72%   29-44, 48, 74-75, 81, 97
app/services/system/database_service.py                                       44     15    66%   33-35, 38, 43, 46, 57, 63, 68, 71, 74-78
app/services/system/duplication_buster.py                                     39      7    82%   61-67
app/services/system/project_context_service.py                                 3      0   100%
app/services/system/service_catalog_service.py                               131      0   100%
app/services/system/system_service.py                                         28      0   100%
app/services/users/history_service.py                                         43      8    81%   80, 97, 105-110
app/services/users/user_service.py                                            75     11    85%   162-167, 179-182, 192-194
app/telemetry/__init__.py                                                     43     14    67%   50-51, 54-55, 58-59, 62-63, 66-67, 74, 77, 80, 94
app/telemetry/events.py                                                       64     32    50%   44, 64-68, 77-95, 99-104, 109-110, 114, 118
app/telemetry/metrics.py                                                      61      3    95%   53, 72, 78
app/telemetry/models.py                                                      116      5    96%   40, 44, 62-63, 102
app/telemetry/performance.py                                                  89     44    51%   52, 90-94, 100-109, 113, 118-127, 131-139, 146-157, 162
app/telemetry/structured_logging.py                                           23      0   100%
app/telemetry/tracing.py                                                      94      4    96%   76-77, 88, 96
app/telemetry/unified_observability.py                                       202     28    86%   58, 62, 66, 84, 96, 100, 121, 125, 140, 148, 165, 198, 200, 297-305, 312-320, 327-339, 342-347
app/utils/__init__.py                                                          4      0   100%
app/utils/model_registry.py                                                   30     17    43%   46-62, 67, 73, 78, 83, 88, 93
app/utils/service_locator.py                                                  48     24    50%   44, 50, 52, 54, 57-69, 74-79, 84, 97, 103, 108, 113, 117
app/utils/text_processing.py                                                  40     38     5%   27-36, 57-95
--------------------------------------------------------------------------------------------------------
TOTAL                                                                      23529  11841    50%

============================= slowest 10 durations =============================
38.80s call     tests/security/test_admin_security_upgrades.py::test_admin_can_access_any_conversation
20.27s call     tests/test_admin_chat_init_event.py::test_admin_chat_returns_conversation_init_event
20.18s call     tests/security/test_admin_security_upgrades.py::test_access_control_isolation
6.00s call     tests/services/test_saga_coverage.py::test_retry_logic
2.00s call     tests/services/test_saga_coverage.py::test_max_retries_exceeded
1.52s call     tests/security/test_security_final.py::TestSecuritySuperhuman::test_generic_fuzzing_resilience
1.51s call     tests/phase3_refactoring/test_llm_client_golden_master.py::TestGoldenMaster_ErrorHandling::test_empty_response_triggers_retry
1.34s call     tests/security/test_password_compat.py::test_legacy_hash_support
1.10s call     tests/test_unified_observability.py::TestUnifiedObservabilityService::test_trace_search
0.91s call     tests/test_unified_observability.py::TestUnifiedObservabilityService::test_anomaly_detection
=========================== short test summary info ============================
FAILED tests/test_middleware_frame.py::test_dev_frame_middleware_development
FAILED tests/test_preview_headers.py::test_middleware_enabled_in_dev - Attrib...
FAILED tests/test_preview_headers.py::test_middleware_enabled_in_codespaces
FAILED tests/test_preview_headers.py::test_middleware_disabled_in_production
FAILED tests/test_preview_headers.py::test_headers_removed_in_dev_client - as...
FAILED tests/test_streaming_event_type_bug.py::test_chat_stream_has_delta_event_type
FAILED tests/api/test_overmind_router.py::test_create_mission_endpoint - Type...
FAILED tests/api/test_overmind_router.py::test_stream_endpoint_structure - sq...
FAILED tests/services/test_admin_chat_boundary_service_comprehensive.py::test_get_or_create_conversation_invalid_id
FAILED tests/services/test_admin_chat_boundary_service_final.py::TestAdminChatBoundaryService::test_get_or_create_conversation_delegation
ERROR tests/test_models.py::test_user_set_password - TypeError: 'class Meta' ...
ERROR tests/test_models.py::test_user_repr - TypeError: 'class Meta' for <cla...
ERROR tests/services/test_history_service_comprehensive.py::TestHistoryServiceComprehensive::test_get_recent_conversations_success
ERROR tests/services/test_history_service_comprehensive.py::TestHistoryServiceComprehensive::test_get_recent_conversations_limit
ERROR tests/services/test_history_service_comprehensive.py::TestHistoryServiceComprehensive::test_rate_message_success
ERROR tests/services/test_history_service_comprehensive.py::TestHistoryServiceComprehensive::test_rate_message_not_found
ERROR tests/services/test_history_service_comprehensive.py::TestHistoryServiceComprehensive::test_rate_message_security_violation
ERROR tests/services/test_history_service_comprehensive.py::TestHistoryServiceComprehensive::test_rate_message_db_error
ERROR tests/services/test_history_service_comprehensive.py::TestHistoryServiceComprehensive::test_rate_message_unexpected_error
======= 10 failed, 894 passed, 9 warnings, 9 errors in 140.96s (0:02:20) =======
